#! /usr/bin/vvp
:ivl_version "12.0 (stable)";
:ivl_delay_selection "TYPICAL";
:vpi_time_precision + 0;
:vpi_module "/usr/lib/x86_64-linux-gnu/ivl/system.vpi";
:vpi_module "/usr/lib/x86_64-linux-gnu/ivl/vhdl_sys.vpi";
:vpi_module "/usr/lib/x86_64-linux-gnu/ivl/vhdl_textio.vpi";
:vpi_module "/usr/lib/x86_64-linux-gnu/ivl/v2005_math.vpi";
:vpi_module "/usr/lib/x86_64-linux-gnu/ivl/va_math.vpi";
:vpi_module "/usr/lib/x86_64-linux-gnu/ivl/v2009.vpi";
S_0x60e6e033a7d0 .scope package, "$unit" "$unit" 2 1;
 .timescale 0 0;
S_0x60e6e02f8d80 .scope module, "top" "top" 3 1;
 .timescale 0 0;
    .port_info 0 /INPUT 1 "CLOCK_50";
    .port_info 1 /INPUT 10 "SW";
    .port_info 2 /INPUT 4 "KEY";
    .port_info 3 /OUTPUT 10 "LEDR";
    .port_info 4 /OUTPUT 7 "HEX5";
    .port_info 5 /OUTPUT 7 "HEX4";
    .port_info 6 /OUTPUT 7 "HEX3";
    .port_info 7 /OUTPUT 7 "HEX2";
    .port_info 8 /OUTPUT 7 "HEX1";
    .port_info 9 /OUTPUT 7 "HEX0";
P_0x60e6e0332bd0 .param/l "IO_HEX_bit" 1 3 69, +C4<00000000000000000000000000000011>;
P_0x60e6e0332c10 .param/l "IO_KEY_bit" 1 3 70, +C4<00000000000000000000000000000100>;
P_0x60e6e0332c50 .param/l "IO_LEDS_bit" 1 3 68, +C4<00000000000000000000000000000010>;
P_0x60e6e0332c90 .param/l "IO_SW_bit" 1 3 71, +C4<00000000000000000000000000000101>;
L_0x60e6e0347f00 .functor NOT 1, L_0x60e6e0372610, C4<0>, C4<0>, C4<0>;
L_0x60e6e0396970 .functor NOT 1, L_0x60e6e03968d0, C4<0>, C4<0>, C4<0>;
L_0x60e6e0397300 .functor AND 1, L_0x60e6e0393010, L_0x60e6e0396970, C4<1>, C4<1>;
o0x7c6c8e8dd308 .functor BUFZ 1, C4<z>; HiZ drive
v0x60e6e0370730_0 .net "CLOCK_50", 0 0, o0x7c6c8e8dd308;  0 drivers
v0x60e6e0370810_0 .net "HEX0", 6 0, v0x60e6e036e080_0;  1 drivers
v0x60e6e03708d0_0 .net "HEX1", 6 0, v0x60e6e036e560_0;  1 drivers
v0x60e6e03709d0_0 .net "HEX2", 6 0, v0x60e6e036ea90_0;  1 drivers
v0x60e6e0370aa0_0 .net "HEX3", 6 0, v0x60e6e036ef70_0;  1 drivers
v0x60e6e0370b40_0 .net "HEX4", 6 0, v0x60e6e036f450_0;  1 drivers
v0x60e6e0370c10_0 .net "HEX5", 6 0, v0x60e6e036f930_0;  1 drivers
v0x60e6e0370ce0_0 .net "IO_readdata", 31 0, L_0x60e6e0398350;  1 drivers
o0x7c6c8e8dd368 .functor BUFZ 4, C4<zzzz>; HiZ drive
v0x60e6e0370d80_0 .net "KEY", 3 0, o0x7c6c8e8dd368;  0 drivers
v0x60e6e0370ef0_0 .var "LEDR", 9 0;
v0x60e6e0370fd0_0 .net "MEM_readdata", 31 0, L_0x60e6e03971f0;  1 drivers
o0x7c6c8e8dd3c8 .functor BUFZ 10, C4<zzzzzzzzzz>; HiZ drive
v0x60e6e03710c0_0 .net "SW", 9 0, o0x7c6c8e8dd3c8;  0 drivers
v0x60e6e0371180_0 .net *"_ivl_25", 0 0, L_0x60e6e0397c80;  1 drivers
L_0x7c6c8e8909f0 .functor BUFT 1, C4<0000000000000000000000000000>, C4<0>, C4<0>, C4<0>;
v0x60e6e0371260_0 .net/2u *"_ivl_26", 27 0, L_0x7c6c8e8909f0;  1 drivers
v0x60e6e0371340_0 .net *"_ivl_28", 31 0, L_0x60e6e0397de0;  1 drivers
v0x60e6e0371420_0 .net *"_ivl_3", 0 0, L_0x60e6e0372610;  1 drivers
v0x60e6e0371500_0 .net *"_ivl_31", 0 0, L_0x60e6e0397eb0;  1 drivers
L_0x7c6c8e890a38 .functor BUFT 1, C4<0000000000000000000000>, C4<0>, C4<0>, C4<0>;
v0x60e6e03715e0_0 .net/2u *"_ivl_32", 21 0, L_0x7c6c8e890a38;  1 drivers
v0x60e6e03716c0_0 .net *"_ivl_34", 31 0, L_0x60e6e0397fc0;  1 drivers
L_0x7c6c8e890a80 .functor BUFT 1, C4<00000000000000000000000000000000>, C4<0>, C4<0>, C4<0>;
v0x60e6e03717a0_0 .net/2u *"_ivl_36", 31 0, L_0x7c6c8e890a80;  1 drivers
v0x60e6e0371880_0 .net *"_ivl_38", 31 0, L_0x60e6e0398110;  1 drivers
v0x60e6e0371960_0 .net "addr", 31 0, L_0x60e6e0392e60;  1 drivers
v0x60e6e0371a20_0 .net "clk", 0 0, L_0x60e6e0372570;  1 drivers
v0x60e6e0371b10_0 .var/i "counter", 31 0;
v0x60e6e0371bf0_0 .var "hex_digits", 23 0;
v0x60e6e0371cd0_0 .net "instr", 31 0, L_0x60e6e0397630;  1 drivers
v0x60e6e0371de0_0 .net "isIO", 0 0, L_0x60e6e03968d0;  1 drivers
v0x60e6e0371ea0_0 .net "isRAM", 0 0, L_0x60e6e0396970;  1 drivers
v0x60e6e0371f60_0 .net "memwrite", 0 0, L_0x60e6e0393010;  1 drivers
v0x60e6e0372000_0 .net "pc", 31 0, v0x60e6e0361bc0_0;  1 drivers
v0x60e6e03720f0_0 .net "readdata", 31 0, L_0x60e6e03984e0;  1 drivers
v0x60e6e03721b0_0 .net "reset", 0 0, L_0x60e6e0347f00;  1 drivers
v0x60e6e0372250_0 .net "writedata", 31 0, L_0x60e6e0393100;  1 drivers
v0x60e6e0372340_0 .net "writemask", 3 0, L_0x60e6e0393670;  1 drivers
E_0x60e6e0239ec0 .event posedge, v0x60e6e0370730_0;
L_0x60e6e0372570 .part v0x60e6e0371b10_0, 21, 1;
L_0x60e6e0372610 .part o0x7c6c8e8dd368, 3, 1;
L_0x60e6e03968d0 .part L_0x60e6e0392e60, 8, 1;
L_0x60e6e03976f0 .part v0x60e6e0371bf0_0, 0, 4;
L_0x60e6e0397790 .part v0x60e6e0371bf0_0, 4, 4;
L_0x60e6e0397880 .part v0x60e6e0371bf0_0, 8, 4;
L_0x60e6e0397960 .part v0x60e6e0371bf0_0, 12, 4;
L_0x60e6e0397a90 .part v0x60e6e0371bf0_0, 16, 4;
L_0x60e6e0397bb0 .part v0x60e6e0371bf0_0, 20, 4;
L_0x60e6e0397c80 .part L_0x60e6e0392e60, 4, 1;
L_0x60e6e0397de0 .concat [ 4 28 0 0], o0x7c6c8e8dd368, L_0x7c6c8e8909f0;
L_0x60e6e0397eb0 .part L_0x60e6e0392e60, 5, 1;
L_0x60e6e0397fc0 .concat [ 10 22 0 0], o0x7c6c8e8dd3c8, L_0x7c6c8e890a38;
L_0x60e6e0398110 .functor MUXZ 32, L_0x7c6c8e890a80, L_0x60e6e0397fc0, L_0x60e6e0397eb0, C4<>;
L_0x60e6e0398350 .functor MUXZ 32, L_0x60e6e0398110, L_0x60e6e0397de0, L_0x60e6e0397c80, C4<>;
L_0x60e6e03984e0 .functor MUXZ 32, L_0x60e6e03971f0, L_0x60e6e0398350, L_0x60e6e03968d0, C4<>;
S_0x60e6e02f91f0 .scope module, "cpu" "riscvpipeline" 3 23, 4 1 0, S_0x60e6e02f8d80;
 .timescale 0 0;
    .port_info 0 /INPUT 1 "clk";
    .port_info 1 /INPUT 1 "reset";
    .port_info 2 /OUTPUT 32 "PC";
    .port_info 3 /INPUT 32 "Instr";
    .port_info 4 /OUTPUT 32 "Address";
    .port_info 5 /OUTPUT 32 "WriteData";
    .port_info 6 /OUTPUT 1 "MemWrite";
    .port_info 7 /INPUT 32 "ReadData";
    .port_info 8 /OUTPUT 4 "WriteMask";
P_0x60e6e029b420 .param/l "NOP" 1 4 52, C4<00000000000000000000000000110011>;
L_0x60e6e03297d0 .functor AND 1, L_0x60e6e0395fd0, L_0x60e6e0383530, C4<1>, C4<1>;
L_0x60e6e032b750 .functor AND 1, L_0x60e6e03297d0, L_0x60e6e0383730, C4<1>, C4<1>;
L_0x60e6e0383670 .functor AND 1, L_0x60e6e0395fd0, L_0x60e6e0383bb0, C4<1>, C4<1>;
L_0x60e6e032e930 .functor AND 1, L_0x60e6e0383670, L_0x60e6e0383e30, C4<1>, C4<1>;
L_0x60e6e03308c0 .functor AND 1, L_0x60e6e03842c0, L_0x60e6e03846b0, C4<1>, C4<1>;
L_0x60e6e0384a70 .functor AND 1, L_0x60e6e0384090, L_0x60e6e03849d0, C4<1>, C4<1>;
L_0x60e6e0384d90 .functor AND 1, L_0x60e6e0384460, L_0x60e6e0384b80, C4<1>, C4<1>;
L_0x60e6e0384ea0 .functor OR 1, L_0x60e6e0384a70, L_0x60e6e0384d90, C4<0>, C4<0>;
L_0x60e6e0384fb0 .functor AND 1, L_0x60e6e03308c0, L_0x60e6e0384ea0, C4<1>, C4<1>;
L_0x60e6e03850c0 .functor BUFZ 1, L_0x60e6e0384fb0, C4<0>, C4<0>, C4<0>;
L_0x60e6e0385130 .functor BUFZ 1, L_0x60e6e03963a0, C4<0>, C4<0>, C4<0>;
L_0x60e6e0385c80 .functor AND 1, L_0x60e6e0385570, L_0x60e6e0385ef0, C4<1>, C4<1>;
L_0x60e6e03851a0 .functor AND 1, L_0x60e6e0385c80, L_0x60e6e0386280, C4<1>, C4<1>;
L_0x60e6e0386690 .functor AND 1, L_0x60e6e03851a0, L_0x60e6e03865a0, C4<1>, C4<1>;
L_0x60e6e0386c00 .functor AND 1, L_0x60e6e03859f0, L_0x60e6e0386ac0, C4<1>, C4<1>;
L_0x60e6e0386f10 .functor AND 1, L_0x60e6e0386c00, L_0x60e6e0386d10, C4<1>, C4<1>;
L_0x60e6e03875a0 .functor AND 1, L_0x60e6e0385570, L_0x60e6e0387500, C4<1>, C4<1>;
L_0x60e6e03879c0 .functor AND 1, L_0x60e6e03875a0, L_0x60e6e0387880, C4<1>, C4<1>;
L_0x60e6e0387d60 .functor AND 1, L_0x60e6e03879c0, L_0x60e6e0387020, C4<1>, C4<1>;
L_0x60e6e03881f0 .functor AND 1, L_0x60e6e03859f0, L_0x60e6e0387f10, C4<1>, C4<1>;
L_0x60e6e0388410 .functor AND 1, L_0x60e6e03881f0, L_0x60e6e0388370, C4<1>, C4<1>;
L_0x60e6e0388900 .functor BUFZ 32, L_0x60e6e0387200, C4<00000000000000000000000000000000>, C4<00000000000000000000000000000000>, C4<00000000000000000000000000000000>;
L_0x60e6e0388a90 .functor BUFZ 32, L_0x60e6e03887c0, C4<00000000000000000000000000000000>, C4<00000000000000000000000000000000>, C4<00000000000000000000000000000000>;
L_0x60e6e0388e50 .functor OR 1, L_0x60e6e0388b50, L_0x60e6e0388db0, C4<0>, C4<0>;
L_0x60e6e0389ec0 .functor AND 1, L_0x60e6e0389b80, L_0x60e6e0389e20, C4<1>, C4<1>;
L_0x60e6e038a280 .functor BUFZ 32, L_0x60e6e0388900, C4<00000000000000000000000000000000>, C4<00000000000000000000000000000000>, C4<00000000000000000000000000000000>;
L_0x60e6e038a430 .functor BUFZ 32, L_0x60e6e03892b0, C4<00000000000000000000000000000000>, C4<00000000000000000000000000000000>, C4<00000000000000000000000000000000>;
L_0x60e6e038a590 .functor NOT 32, L_0x60e6e03892b0, C4<00000000000000000000000000000000>, C4<00000000000000000000000000000000>, C4<00000000000000000000000000000000>;
L_0x60e6e038ac10 .functor XOR 1, L_0x60e6e038b090, L_0x60e6e038b370, C4<0>, C4<0>;
L_0x60e6e038cf60 .functor AND 1, L_0x60e6e0389fd0, L_0x60e6e038cc20, C4<1>, C4<1>;
L_0x60e6e038e000 .functor OR 1, L_0x60e6e038dbf0, L_0x60e6e038df60, C4<0>, C4<0>;
L_0x60e6e038e490 .functor AND 1, L_0x60e6e038e110, v0x60e6e0361880_0, C4<1>, C4<1>;
L_0x60e6e038e670 .functor OR 1, L_0x60e6e038e000, L_0x60e6e038e490, C4<0>, C4<0>;
L_0x60e6e038ec80 .functor OR 1, L_0x60e6e0390230, L_0x60e6e03902d0, C4<0>, C4<0>;
L_0x60e6e03912a0 .functor BUFZ 32, v0x60e6e0360170_0, C4<00000000000000000000000000000000>, C4<00000000000000000000000000000000>, C4<00000000000000000000000000000000>;
L_0x60e6e0392e60 .functor BUFZ 32, v0x60e6e035fea0_0, C4<00000000000000000000000000000000>, C4<00000000000000000000000000000000>, C4<00000000000000000000000000000000>;
L_0x60e6e0393100 .functor BUFZ 32, v0x60e6e0360170_0, C4<00000000000000000000000000000000>, C4<00000000000000000000000000000000>, C4<00000000000000000000000000000000>;
L_0x60e6e0393670 .functor BUFZ 4, v0x60e6e03622c0_0, C4<0000>, C4<0000>, C4<0000>;
L_0x60e6e0395fd0 .functor AND 1, L_0x60e6e0395c00, L_0x60e6e0396470, C4<1>, C4<1>;
L_0x60e6e0396180 .functor BUFZ 32, L_0x60e6e038fd70, C4<00000000000000000000000000000000>, C4<00000000000000000000000000000000>, C4<00000000000000000000000000000000>;
L_0x60e6e03963a0 .functor BUFZ 1, L_0x60e6e038e670, C4<0>, C4<0>, C4<0>;
L_0x60e6e0396650 .functor AND 1, L_0x60e6e0396ab0, L_0x60e6e03965b0, C4<1>, C4<1>;
v0x60e6e035f170_0 .net "Address", 31 0, L_0x60e6e0392e60;  alias, 1 drivers
v0x60e6e035f270_0 .var "DE_PC", 31 0;
v0x60e6e035f350_0 .var "DE_instr", 31 0;
v0x60e6e035f410_0 .var "DE_rs1", 31 0;
v0x60e6e035f4f0_0 .var "DE_rs2", 31 0;
v0x60e6e035f620_0 .net "D_readsRs1", 0 0, L_0x60e6e0384090;  1 drivers
v0x60e6e035f6e0_0 .net "D_readsRs2", 0 0, L_0x60e6e0384460;  1 drivers
v0x60e6e035f7a0_0 .net "D_rs1Id", 4 0, L_0x60e6e0372770;  1 drivers
v0x60e6e035f880_0 .net "D_rs1_val", 31 0, L_0x60e6e0383870;  1 drivers
v0x60e6e035f960_0 .net "D_rs1_val_raw", 31 0, L_0x60e6e0382d10;  1 drivers
v0x60e6e035fa40_0 .net "D_rs2Id", 4 0, L_0x60e6e0372860;  1 drivers
v0x60e6e035fb20_0 .net "D_rs2_val", 31 0, L_0x60e6e0383ff0;  1 drivers
v0x60e6e035fc00_0 .net "D_rs2_val_raw", 31 0, L_0x60e6e03832a0;  1 drivers
v0x60e6e035fce0_0 .var "EM_Eresult", 31 0;
v0x60e6e035fdc0_0 .var "EM_PC", 31 0;
v0x60e6e035fea0_0 .var "EM_addr", 31 0;
v0x60e6e035ff80_0 .var "EM_instr", 31 0;
v0x60e6e0360170_0 .var "EM_rs2", 31 0;
v0x60e6e0360250_0 .net "E_EQ", 0 0, L_0x60e6e038c0f0;  1 drivers
v0x60e6e0360310_0 .net "E_JumpOrBranch", 0 0, L_0x60e6e038e670;  1 drivers
v0x60e6e03603d0_0 .net "E_JumpOrBranchAddr", 31 0, L_0x60e6e038fd70;  1 drivers
v0x60e6e03604b0_0 .net "E_LT", 0 0, L_0x60e6e038b8c0;  1 drivers
v0x60e6e0360570_0 .net "E_LTU", 0 0, L_0x60e6e038bcb0;  1 drivers
v0x60e6e0360630_0 .net "E_aluIn1", 31 0, L_0x60e6e0388900;  1 drivers
v0x60e6e0360710_0 .net "E_aluIn2", 31 0, L_0x60e6e03892b0;  1 drivers
v0x60e6e03607f0_0 .net "E_aluMinus", 32 0, L_0x60e6e038af50;  1 drivers
v0x60e6e03608d0_0 .var "E_aluOut", 31 0;
v0x60e6e03609b0_0 .net "E_aluPlus", 31 0, L_0x60e6e038a4f0;  1 drivers
v0x60e6e0360a90_0 .net "E_aluSrc2Reg", 31 0, L_0x60e6e0388a90;  1 drivers
v0x60e6e0360b70_0 .net "E_arith_shift", 0 0, L_0x60e6e0389fd0;  1 drivers
v0x60e6e0360c30_0 .net "E_isLoad", 0 0, L_0x60e6e03842c0;  1 drivers
v0x60e6e0360cf0_0 .net "E_leftshift", 31 0, L_0x60e6e038db00;  1 drivers
v0x60e6e0360dd0_0 .net "E_minus", 0 0, L_0x60e6e0389ec0;  1 drivers
v0x60e6e03610a0_0 .net "E_rdId", 4 0, L_0x60e6e0384220;  1 drivers
v0x60e6e0361180_0 .net "E_result", 31 0, L_0x60e6e0391d00;  1 drivers
v0x60e6e0361260_0 .net "E_rs1Id", 4 0, L_0x60e6e0385210;  1 drivers
v0x60e6e0361340_0 .net "E_rs1_val", 31 0, L_0x60e6e0387200;  1 drivers
v0x60e6e0361420_0 .net "E_rs2Id", 4 0, L_0x60e6e03852b0;  1 drivers
v0x60e6e0361500_0 .net "E_rs2_val", 31 0, L_0x60e6e03887c0;  1 drivers
v0x60e6e03615e0_0 .net "E_shamt", 4 0, L_0x60e6e03899f0;  1 drivers
v0x60e6e03616c0_0 .net "E_shifter", 31 0, L_0x60e6e038d750;  1 drivers
v0x60e6e03617a0_0 .net "E_shifter_in", 31 0, L_0x60e6e038c9d0;  1 drivers
v0x60e6e0361880_0 .var "E_takeBranch", 0 0;
v0x60e6e0361940_0 .var "FD_PC", 31 0;
v0x60e6e0361a20_0 .var "FD_instr", 31 0;
v0x60e6e0361b00_0 .var "FD_nop", 0 0;
v0x60e6e0361bc0_0 .var "F_PC", 31 0;
v0x60e6e0361ca0_0 .net "Instr", 31 0, L_0x60e6e0397630;  alias, 1 drivers
v0x60e6e0361d80_0 .var "MW_Eresult", 31 0;
v0x60e6e0361e60_0 .var "MW_Mdata", 31 0;
v0x60e6e0361f40_0 .var "MW_PC", 31 0;
v0x60e6e0362020_0 .var "MW_addr", 31 0;
v0x60e6e0362100_0 .var "MW_instr", 31 0;
v0x60e6e03621e0_0 .net "M_STORE_data", 31 0, L_0x60e6e03912a0;  1 drivers
v0x60e6e03622c0_0 .var "M_WriteMask", 3 0;
v0x60e6e03623a0_0 .net "M_byteOffset", 1 0, L_0x60e6e03931c0;  1 drivers
v0x60e6e0362480_0 .net "M_funct3", 2 0, L_0x60e6e0391e90;  1 drivers
v0x60e6e0362560_0 .net "M_isB", 0 0, L_0x60e6e03923f0;  1 drivers
v0x60e6e0362620_0 .net "M_isH", 0 0, L_0x60e6e0392970;  1 drivers
v0x60e6e03626e0_0 .net "M_isLoad", 0 0, L_0x60e6e0385740;  1 drivers
v0x60e6e03627a0_0 .net "M_rdId", 4 0, L_0x60e6e03854d0;  1 drivers
v0x60e6e0362880_0 .net "M_result", 31 0, v0x60e6e035fce0_0;  1 drivers
v0x60e6e0362960_0 .net "M_writesRd", 0 0, L_0x60e6e0385570;  1 drivers
v0x60e6e0362a20_0 .net "MemWrite", 0 0, L_0x60e6e0393010;  alias, 1 drivers
v0x60e6e0362ae0_0 .net "PC", 31 0, v0x60e6e0361bc0_0;  alias, 1 drivers
v0x60e6e0362fd0_0 .net "ReadData", 31 0, L_0x60e6e03984e0;  alias, 1 drivers
v0x60e6e03630b0 .array "RegisterBank", 31 0, 31 0;
v0x60e6e0363170_0 .net "W_byteOffset", 1 0, L_0x60e6e0394ff0;  1 drivers
v0x60e6e0363250_0 .net "W_funct3", 2 0, L_0x60e6e0393830;  1 drivers
v0x60e6e0363330_0 .net "W_isB", 0 0, L_0x60e6e0393e00;  1 drivers
v0x60e6e03633f0_0 .net "W_isH", 0 0, L_0x60e6e03943f0;  1 drivers
v0x60e6e03634b0_0 .net "W_isIO", 0 0, L_0x60e6e0394b20;  1 drivers
v0x60e6e0363570_0 .net "W_loadByte", 7 0, L_0x60e6e0395e40;  1 drivers
v0x60e6e0363650_0 .var "W_loadData", 31 0;
v0x60e6e0363730_0 .net "W_loadHalf", 15 0, L_0x60e6e0395f30;  1 drivers
v0x60e6e0363810_0 .net "W_rdId", 4 0, L_0x60e6e03857e0;  1 drivers
v0x60e6e03638f0_0 .net "W_result", 31 0, L_0x60e6e0385da0;  1 drivers
v0x60e6e03639d0_0 .net "W_sext", 0 0, L_0x60e6e0394a80;  1 drivers
v0x60e6e0363a90_0 .net "W_shiftedLoad", 31 0, L_0x60e6e03958e0;  1 drivers
v0x60e6e0363b70_0 .net "W_writesRd", 0 0, L_0x60e6e03859f0;  1 drivers
v0x60e6e0363c30_0 .net "WriteData", 31 0, L_0x60e6e0393100;  alias, 1 drivers
v0x60e6e0363d10_0 .net "WriteMask", 3 0, L_0x60e6e0393670;  alias, 1 drivers
v0x60e6e0363df0_0 .net *"_ivl_10", 31 0, L_0x60e6e0372ac0;  1 drivers
v0x60e6e0363ed0_0 .net *"_ivl_117", 0 0, L_0x60e6e0385bb0;  1 drivers
v0x60e6e0363fb0_0 .net *"_ivl_12", 6 0, L_0x60e6e0372b60;  1 drivers
v0x60e6e0364090_0 .net *"_ivl_121", 0 0, L_0x60e6e0385ef0;  1 drivers
v0x60e6e0364150_0 .net *"_ivl_123", 0 0, L_0x60e6e0385c80;  1 drivers
v0x60e6e0364210_0 .net *"_ivl_124", 31 0, L_0x60e6e0386140;  1 drivers
L_0x7c6c8e890378 .functor BUFT 1, C4<000000000000000000000000000>, C4<0>, C4<0>, C4<0>;
v0x60e6e03642f0_0 .net *"_ivl_127", 26 0, L_0x7c6c8e890378;  1 drivers
L_0x7c6c8e8903c0 .functor BUFT 1, C4<00000000000000000000000000000000>, C4<0>, C4<0>, C4<0>;
v0x60e6e03643d0_0 .net/2u *"_ivl_128", 31 0, L_0x7c6c8e8903c0;  1 drivers
v0x60e6e03644b0_0 .net *"_ivl_130", 0 0, L_0x60e6e0386280;  1 drivers
v0x60e6e0364570_0 .net *"_ivl_133", 0 0, L_0x60e6e03851a0;  1 drivers
v0x60e6e0364630_0 .net *"_ivl_134", 0 0, L_0x60e6e03865a0;  1 drivers
v0x60e6e03646f0_0 .net *"_ivl_138", 31 0, L_0x60e6e0386830;  1 drivers
L_0x7c6c8e890408 .functor BUFT 1, C4<000000000000000000000000000>, C4<0>, C4<0>, C4<0>;
v0x60e6e03647d0_0 .net *"_ivl_141", 26 0, L_0x7c6c8e890408;  1 drivers
L_0x7c6c8e890450 .functor BUFT 1, C4<00000000000000000000000000000000>, C4<0>, C4<0>, C4<0>;
v0x60e6e03648b0_0 .net/2u *"_ivl_142", 31 0, L_0x7c6c8e890450;  1 drivers
v0x60e6e0364990_0 .net *"_ivl_144", 0 0, L_0x60e6e0386ac0;  1 drivers
v0x60e6e0364a50_0 .net *"_ivl_147", 0 0, L_0x60e6e0386c00;  1 drivers
v0x60e6e0364b10_0 .net *"_ivl_148", 0 0, L_0x60e6e0386d10;  1 drivers
L_0x7c6c8e890060 .functor BUFT 1, C4<00>, C4<0>, C4<0>, C4<0>;
v0x60e6e0364bd0_0 .net *"_ivl_15", 1 0, L_0x7c6c8e890060;  1 drivers
v0x60e6e0364cb0_0 .net *"_ivl_152", 31 0, L_0x60e6e03870c0;  1 drivers
v0x60e6e0364d90_0 .net *"_ivl_157", 0 0, L_0x60e6e0387500;  1 drivers
v0x60e6e0364e50_0 .net *"_ivl_159", 0 0, L_0x60e6e03875a0;  1 drivers
L_0x7c6c8e8900a8 .functor BUFT 1, C4<00000000000000000000000000000000>, C4<0>, C4<0>, C4<0>;
v0x60e6e0364f10_0 .net/2u *"_ivl_16", 31 0, L_0x7c6c8e8900a8;  1 drivers
v0x60e6e0364ff0_0 .net *"_ivl_160", 31 0, L_0x60e6e0387660;  1 drivers
L_0x7c6c8e890498 .functor BUFT 1, C4<000000000000000000000000000>, C4<0>, C4<0>, C4<0>;
v0x60e6e03650d0_0 .net *"_ivl_163", 26 0, L_0x7c6c8e890498;  1 drivers
L_0x7c6c8e8904e0 .functor BUFT 1, C4<00000000000000000000000000000000>, C4<0>, C4<0>, C4<0>;
v0x60e6e03651b0_0 .net/2u *"_ivl_164", 31 0, L_0x7c6c8e8904e0;  1 drivers
v0x60e6e0365290_0 .net *"_ivl_166", 0 0, L_0x60e6e0387880;  1 drivers
v0x60e6e0365350_0 .net *"_ivl_169", 0 0, L_0x60e6e03879c0;  1 drivers
v0x60e6e0365410_0 .net *"_ivl_170", 0 0, L_0x60e6e0387020;  1 drivers
v0x60e6e03654d0_0 .net *"_ivl_174", 31 0, L_0x60e6e0387e70;  1 drivers
L_0x7c6c8e890528 .functor BUFT 1, C4<000000000000000000000000000>, C4<0>, C4<0>, C4<0>;
v0x60e6e03655b0_0 .net *"_ivl_177", 26 0, L_0x7c6c8e890528;  1 drivers
L_0x7c6c8e890570 .functor BUFT 1, C4<00000000000000000000000000000000>, C4<0>, C4<0>, C4<0>;
v0x60e6e0365690_0 .net/2u *"_ivl_178", 31 0, L_0x7c6c8e890570;  1 drivers
v0x60e6e0365770_0 .net *"_ivl_180", 0 0, L_0x60e6e0387f10;  1 drivers
v0x60e6e0365830_0 .net *"_ivl_183", 0 0, L_0x60e6e03881f0;  1 drivers
v0x60e6e03658f0_0 .net *"_ivl_184", 0 0, L_0x60e6e0388370;  1 drivers
v0x60e6e03659b0_0 .net *"_ivl_188", 31 0, L_0x60e6e0388520;  1 drivers
v0x60e6e0365a90_0 .net *"_ivl_197", 0 0, L_0x60e6e0388b50;  1 drivers
v0x60e6e0365b70_0 .net *"_ivl_199", 0 0, L_0x60e6e0388db0;  1 drivers
L_0x7c6c8e8900f0 .functor BUFT 1, C4<00000>, C4<0>, C4<0>, C4<0>;
v0x60e6e0365c50_0 .net/2u *"_ivl_20", 4 0, L_0x7c6c8e8900f0;  1 drivers
v0x60e6e0365d30_0 .net *"_ivl_200", 0 0, L_0x60e6e0388e50;  1 drivers
v0x60e6e0365e10_0 .net *"_ivl_203", 31 0, L_0x60e6e0389040;  1 drivers
v0x60e6e0365ef0_0 .net *"_ivl_207", 0 0, L_0x60e6e0389440;  1 drivers
v0x60e6e0365fd0_0 .net *"_ivl_209", 4 0, L_0x60e6e03896c0;  1 drivers
v0x60e6e03660b0_0 .net *"_ivl_211", 4 0, L_0x60e6e0389760;  1 drivers
v0x60e6e0366190_0 .net *"_ivl_215", 0 0, L_0x60e6e0389b80;  1 drivers
v0x60e6e0366270_0 .net *"_ivl_217", 0 0, L_0x60e6e0389e20;  1 drivers
v0x60e6e0366350_0 .net *"_ivl_22", 0 0, L_0x60e6e0382ee0;  1 drivers
L_0x7c6c8e8905b8 .functor BUFT 1, C4<1>, C4<0>, C4<0>, C4<0>;
v0x60e6e0366410_0 .net/2u *"_ivl_228", 0 0, L_0x7c6c8e8905b8;  1 drivers
v0x60e6e0366d00_0 .net *"_ivl_230", 31 0, L_0x60e6e038a590;  1 drivers
v0x60e6e0366de0_0 .net *"_ivl_232", 32 0, L_0x60e6e038a700;  1 drivers
L_0x7c6c8e890600 .functor BUFT 1, C4<0>, C4<0>, C4<0>, C4<0>;
v0x60e6e0366ec0_0 .net/2u *"_ivl_234", 0 0, L_0x7c6c8e890600;  1 drivers
v0x60e6e0366fa0_0 .net *"_ivl_236", 32 0, L_0x60e6e038aa40;  1 drivers
v0x60e6e0367080_0 .net *"_ivl_238", 32 0, L_0x60e6e038ab70;  1 drivers
v0x60e6e0367160_0 .net *"_ivl_24", 31 0, L_0x60e6e0383020;  1 drivers
L_0x7c6c8e890648 .functor BUFT 1, C4<000000000000000000000000000000001>, C4<0>, C4<0>, C4<0>;
v0x60e6e0367240_0 .net/2u *"_ivl_240", 32 0, L_0x7c6c8e890648;  1 drivers
v0x60e6e0367320_0 .net *"_ivl_245", 0 0, L_0x60e6e038b090;  1 drivers
v0x60e6e0367400_0 .net *"_ivl_247", 0 0, L_0x60e6e038b370;  1 drivers
v0x60e6e03674e0_0 .net *"_ivl_248", 0 0, L_0x60e6e038ac10;  1 drivers
v0x60e6e03675c0_0 .net *"_ivl_251", 0 0, L_0x60e6e038b4e0;  1 drivers
v0x60e6e03676a0_0 .net *"_ivl_253", 0 0, L_0x60e6e038b7d0;  1 drivers
v0x60e6e0367780_0 .net *"_ivl_259", 31 0, L_0x60e6e038bd50;  1 drivers
v0x60e6e0367860_0 .net *"_ivl_26", 6 0, L_0x60e6e0383110;  1 drivers
L_0x7c6c8e890690 .functor BUFT 1, C4<00000000000000000000000000000000>, C4<0>, C4<0>, C4<0>;
v0x60e6e0367940_0 .net/2u *"_ivl_260", 31 0, L_0x7c6c8e890690;  1 drivers
v0x60e6e0367a20_0 .net *"_ivl_265", 2 0, L_0x60e6e038c210;  1 drivers
L_0x7c6c8e8906d8 .functor BUFT 1, C4<001>, C4<0>, C4<0>, C4<0>;
v0x60e6e0367b00_0 .net/2u *"_ivl_266", 2 0, L_0x7c6c8e8906d8;  1 drivers
v0x60e6e0367be0_0 .net *"_ivl_268", 0 0, L_0x60e6e038c530;  1 drivers
v0x60e6e0367ca0_0 .net *"_ivl_271", 31 0, L_0x60e6e038c6a0;  1 drivers
v0x60e6e0367d80_0 .net *"_ivl_275", 0 0, L_0x60e6e038cc20;  1 drivers
v0x60e6e0367e60_0 .net *"_ivl_276", 0 0, L_0x60e6e038cf60;  1 drivers
v0x60e6e0367f40_0 .net *"_ivl_278", 32 0, L_0x60e6e038d180;  1 drivers
v0x60e6e0368020_0 .net *"_ivl_281", 4 0, L_0x60e6e038d2c0;  1 drivers
v0x60e6e0368100_0 .net *"_ivl_282", 32 0, L_0x60e6e038d610;  1 drivers
v0x60e6e03681e0_0 .net *"_ivl_289", 0 0, L_0x60e6e038dbf0;  1 drivers
L_0x7c6c8e890138 .functor BUFT 1, C4<00>, C4<0>, C4<0>, C4<0>;
v0x60e6e03682c0_0 .net *"_ivl_29", 1 0, L_0x7c6c8e890138;  1 drivers
v0x60e6e03683a0_0 .net *"_ivl_291", 0 0, L_0x60e6e038df60;  1 drivers
v0x60e6e0368480_0 .net *"_ivl_293", 0 0, L_0x60e6e038e000;  1 drivers
v0x60e6e0368540_0 .net *"_ivl_295", 0 0, L_0x60e6e038e110;  1 drivers
v0x60e6e0368620_0 .net *"_ivl_297", 0 0, L_0x60e6e038e490;  1 drivers
L_0x7c6c8e890180 .functor BUFT 1, C4<00000000000000000000000000000000>, C4<0>, C4<0>, C4<0>;
v0x60e6e03686e0_0 .net/2u *"_ivl_30", 31 0, L_0x7c6c8e890180;  1 drivers
v0x60e6e03687c0_0 .net *"_ivl_301", 0 0, L_0x60e6e038e7b0;  1 drivers
v0x60e6e03688a0_0 .net *"_ivl_303", 31 0, L_0x60e6e038e850;  1 drivers
v0x60e6e0368980_0 .net *"_ivl_304", 31 0, L_0x60e6e038ebe0;  1 drivers
v0x60e6e0368a60_0 .net *"_ivl_307", 0 0, L_0x60e6e038eda0;  1 drivers
v0x60e6e0368b40_0 .net *"_ivl_309", 31 0, L_0x60e6e038f140;  1 drivers
v0x60e6e0368c20_0 .net *"_ivl_310", 31 0, L_0x60e6e038f210;  1 drivers
v0x60e6e0368d00_0 .net *"_ivl_313", 30 0, L_0x60e6e038f690;  1 drivers
L_0x7c6c8e890720 .functor BUFT 1, C4<0>, C4<0>, C4<0>, C4<0>;
v0x60e6e0368de0_0 .net/2u *"_ivl_314", 0 0, L_0x7c6c8e890720;  1 drivers
v0x60e6e0368ec0_0 .net *"_ivl_316", 31 0, L_0x60e6e038f780;  1 drivers
v0x60e6e0368fa0_0 .net *"_ivl_318", 31 0, L_0x60e6e038fbe0;  1 drivers
v0x60e6e0369080_0 .net *"_ivl_323", 0 0, L_0x60e6e0390230;  1 drivers
v0x60e6e0369160_0 .net *"_ivl_325", 0 0, L_0x60e6e03902d0;  1 drivers
v0x60e6e0369240_0 .net *"_ivl_326", 0 0, L_0x60e6e038ec80;  1 drivers
L_0x7c6c8e890768 .functor BUFT 1, C4<00000000000000000000000000000100>, C4<0>, C4<0>, C4<0>;
v0x60e6e0369320_0 .net/2u *"_ivl_328", 31 0, L_0x7c6c8e890768;  1 drivers
v0x60e6e0369400_0 .net *"_ivl_330", 31 0, L_0x60e6e038e550;  1 drivers
v0x60e6e03694e0_0 .net *"_ivl_333", 0 0, L_0x60e6e03908d0;  1 drivers
v0x60e6e03695c0_0 .net *"_ivl_335", 31 0, L_0x60e6e0390cc0;  1 drivers
v0x60e6e03696a0_0 .net *"_ivl_337", 0 0, L_0x60e6e0390d60;  1 drivers
v0x60e6e0369780_0 .net *"_ivl_339", 31 0, L_0x60e6e0391160;  1 drivers
v0x60e6e0369860_0 .net *"_ivl_34", 31 0, L_0x60e6e0383440;  1 drivers
v0x60e6e0369940_0 .net *"_ivl_340", 31 0, L_0x60e6e0391200;  1 drivers
v0x60e6e0369a20_0 .net *"_ivl_342", 31 0, L_0x60e6e03916b0;  1 drivers
v0x60e6e0369b00_0 .net *"_ivl_344", 31 0, L_0x60e6e03917f0;  1 drivers
v0x60e6e0369be0_0 .net *"_ivl_351", 1 0, L_0x60e6e0392350;  1 drivers
L_0x7c6c8e8907b0 .functor BUFT 1, C4<00>, C4<0>, C4<0>, C4<0>;
v0x60e6e0369cc0_0 .net/2u *"_ivl_352", 1 0, L_0x7c6c8e8907b0;  1 drivers
v0x60e6e0369da0_0 .net *"_ivl_357", 1 0, L_0x60e6e03928d0;  1 drivers
L_0x7c6c8e8907f8 .functor BUFT 1, C4<01>, C4<0>, C4<0>, C4<0>;
v0x60e6e0369e80_0 .net/2u *"_ivl_358", 1 0, L_0x7c6c8e8907f8;  1 drivers
L_0x7c6c8e8901c8 .functor BUFT 1, C4<000000000000000000000000000>, C4<0>, C4<0>, C4<0>;
v0x60e6e0369f60_0 .net *"_ivl_37", 26 0, L_0x7c6c8e8901c8;  1 drivers
v0x60e6e036a040_0 .net *"_ivl_377", 1 0, L_0x60e6e0393960;  1 drivers
L_0x7c6c8e890840 .functor BUFT 1, C4<00>, C4<0>, C4<0>, C4<0>;
v0x60e6e036a120_0 .net/2u *"_ivl_378", 1 0, L_0x7c6c8e890840;  1 drivers
L_0x7c6c8e890210 .functor BUFT 1, C4<00000000000000000000000000000000>, C4<0>, C4<0>, C4<0>;
v0x60e6e036a200_0 .net/2u *"_ivl_38", 31 0, L_0x7c6c8e890210;  1 drivers
v0x60e6e036a2e0_0 .net *"_ivl_383", 1 0, L_0x60e6e0393f70;  1 drivers
L_0x7c6c8e890888 .functor BUFT 1, C4<01>, C4<0>, C4<0>, C4<0>;
v0x60e6e036a3c0_0 .net/2u *"_ivl_384", 1 0, L_0x7c6c8e890888;  1 drivers
v0x60e6e036a4a0_0 .net *"_ivl_389", 0 0, L_0x60e6e0394560;  1 drivers
v0x60e6e036a580_0 .net *"_ivl_396", 31 0, L_0x60e6e0395090;  1 drivers
L_0x7c6c8e8908d0 .functor BUFT 1, C4<000000000000000000000000000000>, C4<0>, C4<0>, C4<0>;
v0x60e6e036a660_0 .net *"_ivl_399", 29 0, L_0x7c6c8e8908d0;  1 drivers
v0x60e6e036a740_0 .net *"_ivl_40", 0 0, L_0x60e6e0383530;  1 drivers
L_0x7c6c8e890918 .functor BUFT 1, C4<00000000000000000000000000001000>, C4<0>, C4<0>, C4<0>;
v0x60e6e036a800_0 .net/2u *"_ivl_400", 31 0, L_0x7c6c8e890918;  1 drivers
v0x60e6e036a8e0_0 .net *"_ivl_403", 31 0, L_0x60e6e03957a0;  1 drivers
v0x60e6e036a9c0_0 .net *"_ivl_411", 0 0, L_0x60e6e0395a20;  1 drivers
v0x60e6e036aaa0_0 .net *"_ivl_415", 0 0, L_0x60e6e0395c00;  1 drivers
v0x60e6e036ab80_0 .net *"_ivl_417", 4 0, L_0x60e6e0395ca0;  1 drivers
v0x60e6e036ac60_0 .net *"_ivl_418", 31 0, L_0x60e6e0395d40;  1 drivers
L_0x7c6c8e890960 .functor BUFT 1, C4<000000000000000000000000000>, C4<0>, C4<0>, C4<0>;
v0x60e6e036ad40_0 .net *"_ivl_421", 26 0, L_0x7c6c8e890960;  1 drivers
L_0x7c6c8e8909a8 .functor BUFT 1, C4<00000000000000000000000000000000>, C4<0>, C4<0>, C4<0>;
v0x60e6e036ae20_0 .net/2u *"_ivl_422", 31 0, L_0x7c6c8e8909a8;  1 drivers
v0x60e6e036af00_0 .net *"_ivl_424", 0 0, L_0x60e6e0396470;  1 drivers
v0x60e6e036afc0_0 .net *"_ivl_43", 0 0, L_0x60e6e03297d0;  1 drivers
v0x60e6e036b080_0 .net *"_ivl_435", 0 0, L_0x60e6e0396ab0;  1 drivers
v0x60e6e036b140_0 .net *"_ivl_437", 0 0, L_0x60e6e03965b0;  1 drivers
v0x60e6e036b220_0 .net *"_ivl_44", 0 0, L_0x60e6e0383730;  1 drivers
v0x60e6e036b2e0_0 .net *"_ivl_47", 0 0, L_0x60e6e032b750;  1 drivers
v0x60e6e036b3a0_0 .net *"_ivl_50", 31 0, L_0x60e6e0383a30;  1 drivers
L_0x7c6c8e890258 .functor BUFT 1, C4<000000000000000000000000000>, C4<0>, C4<0>, C4<0>;
v0x60e6e036b480_0 .net *"_ivl_53", 26 0, L_0x7c6c8e890258;  1 drivers
L_0x7c6c8e8902a0 .functor BUFT 1, C4<00000000000000000000000000000000>, C4<0>, C4<0>, C4<0>;
v0x60e6e036b560_0 .net/2u *"_ivl_54", 31 0, L_0x7c6c8e8902a0;  1 drivers
v0x60e6e036b640_0 .net *"_ivl_56", 0 0, L_0x60e6e0383bb0;  1 drivers
v0x60e6e036b700_0 .net *"_ivl_59", 0 0, L_0x60e6e0383670;  1 drivers
L_0x7c6c8e890018 .functor BUFT 1, C4<00000>, C4<0>, C4<0>, C4<0>;
v0x60e6e036b7c0_0 .net/2u *"_ivl_6", 4 0, L_0x7c6c8e890018;  1 drivers
v0x60e6e036b8a0_0 .net *"_ivl_60", 0 0, L_0x60e6e0383e30;  1 drivers
v0x60e6e036b960_0 .net *"_ivl_63", 0 0, L_0x60e6e032e930;  1 drivers
v0x60e6e036ba20_0 .net *"_ivl_74", 31 0, L_0x60e6e03845c0;  1 drivers
L_0x7c6c8e8902e8 .functor BUFT 1, C4<000000000000000000000000000>, C4<0>, C4<0>, C4<0>;
v0x60e6e036bb00_0 .net *"_ivl_77", 26 0, L_0x7c6c8e8902e8;  1 drivers
L_0x7c6c8e890330 .functor BUFT 1, C4<00000000000000000000000000000000>, C4<0>, C4<0>, C4<0>;
v0x60e6e036bbe0_0 .net/2u *"_ivl_78", 31 0, L_0x7c6c8e890330;  1 drivers
v0x60e6e036bcc0_0 .net *"_ivl_8", 0 0, L_0x60e6e0372980;  1 drivers
v0x60e6e036bd80_0 .net *"_ivl_80", 0 0, L_0x60e6e03846b0;  1 drivers
v0x60e6e036be40_0 .net *"_ivl_83", 0 0, L_0x60e6e03308c0;  1 drivers
v0x60e6e036bf00_0 .net *"_ivl_84", 0 0, L_0x60e6e03849d0;  1 drivers
v0x60e6e036bfc0_0 .net *"_ivl_87", 0 0, L_0x60e6e0384a70;  1 drivers
v0x60e6e036c080_0 .net *"_ivl_88", 0 0, L_0x60e6e0384b80;  1 drivers
v0x60e6e036c140_0 .net *"_ivl_91", 0 0, L_0x60e6e0384d90;  1 drivers
v0x60e6e036c200_0 .net *"_ivl_93", 0 0, L_0x60e6e0384ea0;  1 drivers
v0x60e6e036c2c0_0 .net "aluIn1", 31 0, L_0x60e6e038a280;  1 drivers
v0x60e6e036c3a0_0 .net "aluIn2", 31 0, L_0x60e6e038a430;  1 drivers
v0x60e6e036c480_0 .net "clk", 0 0, L_0x60e6e0372570;  alias, 1 drivers
v0x60e6e036c540_0 .net "flushD", 0 0, L_0x60e6e0385130;  1 drivers
v0x60e6e036c600_0 .net "forwardA_fromM", 0 0, L_0x60e6e0386690;  1 drivers
v0x60e6e036c6c0_0 .net "forwardA_fromW", 0 0, L_0x60e6e0386f10;  1 drivers
v0x60e6e036c780_0 .net "forwardB_fromM", 0 0, L_0x60e6e0387d60;  1 drivers
v0x60e6e036c840_0 .net "forwardB_fromW", 0 0, L_0x60e6e0388410;  1 drivers
v0x60e6e036c900_0 .net "halt", 0 0, L_0x60e6e0396650;  1 drivers
v0x60e6e036c9c0_0 .net "jumpOrBranch", 0 0, L_0x60e6e03963a0;  1 drivers
v0x60e6e036ca80_0 .net "jumpOrBranchAddress", 31 0, L_0x60e6e0396180;  1 drivers
v0x60e6e036cb60_0 .net "loadUseHazard", 0 0, L_0x60e6e0384fb0;  1 drivers
v0x60e6e036cc20_0 .net "reset", 0 0, L_0x60e6e0347f00;  alias, 1 drivers
v0x60e6e036cce0_0 .net "stall", 0 0, L_0x60e6e03850c0;  1 drivers
v0x60e6e036cda0_0 .net "wbRdId", 4 0, L_0x60e6e03960e0;  1 drivers
v0x60e6e036ce80_0 .net "writeBackData", 31 0, L_0x60e6e0395ac0;  1 drivers
v0x60e6e036cf60_0 .net "writeBackEn", 0 0, L_0x60e6e0395fd0;  1 drivers
E_0x60e6e0239a50 .event posedge, v0x60e6e036c480_0;
E_0x60e6e0239f00 .event anyedge, v0x60e6e0363250_0, v0x60e6e0363570_0, v0x60e6e0363730_0, v0x60e6e0361e60_0;
E_0x60e6e025dfe0 .event anyedge, v0x60e6e035ff80_0, v0x60e6e0362480_0, v0x60e6e03623a0_0;
E_0x60e6e0347d00 .event anyedge, v0x60e6e035f350_0, v0x60e6e0360250_0, v0x60e6e03604b0_0, v0x60e6e0360570_0;
E_0x60e6e0347b20/0 .event anyedge, v0x60e6e035f350_0, v0x60e6e0360dd0_0, v0x60e6e03607f0_0, v0x60e6e03609b0_0;
E_0x60e6e0347b20/1 .event anyedge, v0x60e6e0360cf0_0, v0x60e6e03604b0_0, v0x60e6e0360570_0, v0x60e6e0360630_0;
E_0x60e6e0347b20/2 .event anyedge, v0x60e6e0360710_0, v0x60e6e03616c0_0;
E_0x60e6e0347b20 .event/or E_0x60e6e0347b20/0, E_0x60e6e0347b20/1, E_0x60e6e0347b20/2;
L_0x60e6e0372770 .ufunc/vec4 TD_top.cpu.rs1Id, 5, v0x60e6e0361a20_0 (v0x60e6e035e470_0) S_0x60e6e035e290;
L_0x60e6e0372860 .ufunc/vec4 TD_top.cpu.rs2Id, 5, v0x60e6e0361a20_0 (v0x60e6e035e830_0) S_0x60e6e035e650;
L_0x60e6e0372980 .cmp/ne 5, L_0x60e6e0372770, L_0x7c6c8e890018;
L_0x60e6e0372ac0 .array/port v0x60e6e03630b0, L_0x60e6e0372b60;
L_0x60e6e0372b60 .concat [ 5 2 0 0], L_0x60e6e0372770, L_0x7c6c8e890060;
L_0x60e6e0382d10 .functor MUXZ 32, L_0x7c6c8e8900a8, L_0x60e6e0372ac0, L_0x60e6e0372980, C4<>;
L_0x60e6e0382ee0 .cmp/ne 5, L_0x60e6e0372860, L_0x7c6c8e8900f0;
L_0x60e6e0383020 .array/port v0x60e6e03630b0, L_0x60e6e0383110;
L_0x60e6e0383110 .concat [ 5 2 0 0], L_0x60e6e0372860, L_0x7c6c8e890138;
L_0x60e6e03832a0 .functor MUXZ 32, L_0x7c6c8e890180, L_0x60e6e0383020, L_0x60e6e0382ee0, C4<>;
L_0x60e6e0383440 .concat [ 5 27 0 0], L_0x60e6e03960e0, L_0x7c6c8e8901c8;
L_0x60e6e0383530 .cmp/ne 32, L_0x60e6e0383440, L_0x7c6c8e890210;
L_0x60e6e0383730 .cmp/eq 5, L_0x60e6e03960e0, L_0x60e6e0372770;
L_0x60e6e0383870 .functor MUXZ 32, L_0x60e6e0382d10, L_0x60e6e0395ac0, L_0x60e6e032b750, C4<>;
L_0x60e6e0383a30 .concat [ 5 27 0 0], L_0x60e6e03960e0, L_0x7c6c8e890258;
L_0x60e6e0383bb0 .cmp/ne 32, L_0x60e6e0383a30, L_0x7c6c8e8902a0;
L_0x60e6e0383e30 .cmp/eq 5, L_0x60e6e03960e0, L_0x60e6e0372860;
L_0x60e6e0383ff0 .functor MUXZ 32, L_0x60e6e03832a0, L_0x60e6e0395ac0, L_0x60e6e032e930, C4<>;
L_0x60e6e0384220 .ufunc/vec4 TD_top.cpu.rdId, 5, v0x60e6e035f350_0 (v0x60e6e035d970_0) S_0x60e6e035d790;
L_0x60e6e03842c0 .ufunc/vec4 TD_top.cpu.isLoad, 1, v0x60e6e035f350_0 (v0x60e6e035ce90_0) S_0x60e6e035ccb0;
L_0x60e6e0384090 .ufunc/vec4 TD_top.cpu.readsRs1, 1, v0x60e6e0361a20_0 (v0x60e6e035dd30_0) S_0x60e6e035db50;
L_0x60e6e0384460 .ufunc/vec4 TD_top.cpu.readsRs2, 1, v0x60e6e0361a20_0 (v0x60e6e035e0d0_0) S_0x60e6e035def0;
L_0x60e6e03845c0 .concat [ 5 27 0 0], L_0x60e6e0384220, L_0x7c6c8e8902e8;
L_0x60e6e03846b0 .cmp/ne 32, L_0x60e6e03845c0, L_0x7c6c8e890330;
L_0x60e6e03849d0 .cmp/eq 5, L_0x60e6e0372770, L_0x60e6e0384220;
L_0x60e6e0384b80 .cmp/eq 5, L_0x60e6e0372860, L_0x60e6e0384220;
L_0x60e6e0385210 .ufunc/vec4 TD_top.cpu.rs1Id, 5, v0x60e6e035f350_0 (v0x60e6e035e470_0) S_0x60e6e035e290;
L_0x60e6e03852b0 .ufunc/vec4 TD_top.cpu.rs2Id, 5, v0x60e6e035f350_0 (v0x60e6e035e830_0) S_0x60e6e035e650;
L_0x60e6e03854d0 .ufunc/vec4 TD_top.cpu.rdId, 5, v0x60e6e035ff80_0 (v0x60e6e035d970_0) S_0x60e6e035d790;
L_0x60e6e0385570 .ufunc/vec4 TD_top.cpu.writesRd, 1, v0x60e6e035ff80_0 (v0x60e6e035efb0_0) S_0x60e6e035edd0;
L_0x60e6e0385740 .ufunc/vec4 TD_top.cpu.isLoad, 1, v0x60e6e035ff80_0 (v0x60e6e035ce90_0) S_0x60e6e035ccb0;
L_0x60e6e03857e0 .ufunc/vec4 TD_top.cpu.rdId, 5, v0x60e6e0362100_0 (v0x60e6e035d970_0) S_0x60e6e035d790;
L_0x60e6e03859f0 .ufunc/vec4 TD_top.cpu.writesRd, 1, v0x60e6e0362100_0 (v0x60e6e035efb0_0) S_0x60e6e035edd0;
L_0x60e6e0385bb0 .ufunc/vec4 TD_top.cpu.isLoad, 1, v0x60e6e0362100_0 (v0x60e6e035ce90_0) S_0x60e6e035ccb0;
L_0x60e6e0385da0 .functor MUXZ 32, v0x60e6e0361d80_0, v0x60e6e0361e60_0, L_0x60e6e0385bb0, C4<>;
L_0x60e6e0385ef0 .reduce/nor L_0x60e6e0385740;
L_0x60e6e0386140 .concat [ 5 27 0 0], L_0x60e6e03854d0, L_0x7c6c8e890378;
L_0x60e6e0386280 .cmp/ne 32, L_0x60e6e0386140, L_0x7c6c8e8903c0;
L_0x60e6e03865a0 .cmp/eq 5, L_0x60e6e03854d0, L_0x60e6e0385210;
L_0x60e6e0386830 .concat [ 5 27 0 0], L_0x60e6e03857e0, L_0x7c6c8e890408;
L_0x60e6e0386ac0 .cmp/ne 32, L_0x60e6e0386830, L_0x7c6c8e890450;
L_0x60e6e0386d10 .cmp/eq 5, L_0x60e6e03857e0, L_0x60e6e0385210;
L_0x60e6e03870c0 .functor MUXZ 32, v0x60e6e035f410_0, L_0x60e6e0385da0, L_0x60e6e0386f10, C4<>;
L_0x60e6e0387200 .functor MUXZ 32, L_0x60e6e03870c0, v0x60e6e035fce0_0, L_0x60e6e0386690, C4<>;
L_0x60e6e0387500 .reduce/nor L_0x60e6e0385740;
L_0x60e6e0387660 .concat [ 5 27 0 0], L_0x60e6e03854d0, L_0x7c6c8e890498;
L_0x60e6e0387880 .cmp/ne 32, L_0x60e6e0387660, L_0x7c6c8e8904e0;
L_0x60e6e0387020 .cmp/eq 5, L_0x60e6e03854d0, L_0x60e6e03852b0;
L_0x60e6e0387e70 .concat [ 5 27 0 0], L_0x60e6e03857e0, L_0x7c6c8e890528;
L_0x60e6e0387f10 .cmp/ne 32, L_0x60e6e0387e70, L_0x7c6c8e890570;
L_0x60e6e0388370 .cmp/eq 5, L_0x60e6e03857e0, L_0x60e6e03852b0;
L_0x60e6e0388520 .functor MUXZ 32, v0x60e6e035f4f0_0, L_0x60e6e0385da0, L_0x60e6e0388410, C4<>;
L_0x60e6e03887c0 .functor MUXZ 32, L_0x60e6e0388520, v0x60e6e035fce0_0, L_0x60e6e0387d60, C4<>;
L_0x60e6e0388b50 .ufunc/vec4 TD_top.cpu.isALUreg, 1, v0x60e6e035f350_0 (v0x60e6e035b420_0) S_0x60e6e035b240;
L_0x60e6e0388db0 .ufunc/vec4 TD_top.cpu.isBranch, 1, v0x60e6e035f350_0 (v0x60e6e035bb60_0) S_0x60e6e035b980;
L_0x60e6e0389040 .ufunc/vec4 TD_top.cpu.Iimm, 32, v0x60e6e035f350_0 (v0x60e6e0329930_0) S_0x60e6e02fc3b0;
L_0x60e6e03892b0 .functor MUXZ 32, L_0x60e6e0389040, L_0x60e6e0388a90, L_0x60e6e0388e50, C4<>;
L_0x60e6e0389440 .ufunc/vec4 TD_top.cpu.isALUreg, 1, v0x60e6e035f350_0 (v0x60e6e035b420_0) S_0x60e6e035b240;
L_0x60e6e03896c0 .part L_0x60e6e0388a90, 0, 5;
L_0x60e6e0389760 .ufunc/vec4 TD_top.cpu.shamt, 5, v0x60e6e035f350_0 (v0x60e6e035ebf0_0) S_0x60e6e035ea10;
L_0x60e6e03899f0 .functor MUXZ 5, L_0x60e6e0389760, L_0x60e6e03896c0, L_0x60e6e0389440, C4<>;
L_0x60e6e0389b80 .part v0x60e6e035f350_0, 30, 1;
L_0x60e6e0389e20 .ufunc/vec4 TD_top.cpu.isALUreg, 1, v0x60e6e035f350_0 (v0x60e6e035b420_0) S_0x60e6e035b240;
L_0x60e6e0389fd0 .part v0x60e6e035f350_0, 30, 1;
L_0x60e6e038a4f0 .arith/sum 32, L_0x60e6e0388900, L_0x60e6e03892b0;
L_0x60e6e038a700 .concat [ 32 1 0 0], L_0x60e6e038a590, L_0x7c6c8e8905b8;
L_0x60e6e038aa40 .concat [ 32 1 0 0], L_0x60e6e0388900, L_0x7c6c8e890600;
L_0x60e6e038ab70 .arith/sum 33, L_0x60e6e038a700, L_0x60e6e038aa40;
L_0x60e6e038af50 .arith/sum 33, L_0x60e6e038ab70, L_0x7c6c8e890648;
L_0x60e6e038b090 .part L_0x60e6e0388900, 31, 1;
L_0x60e6e038b370 .part L_0x60e6e03892b0, 31, 1;
L_0x60e6e038b4e0 .part L_0x60e6e0388900, 31, 1;
L_0x60e6e038b7d0 .part L_0x60e6e038af50, 32, 1;
L_0x60e6e038b8c0 .functor MUXZ 1, L_0x60e6e038b7d0, L_0x60e6e038b4e0, L_0x60e6e038ac10, C4<>;
L_0x60e6e038bcb0 .part L_0x60e6e038af50, 32, 1;
L_0x60e6e038bd50 .part L_0x60e6e038af50, 0, 32;
L_0x60e6e038c0f0 .cmp/eq 32, L_0x60e6e038bd50, L_0x7c6c8e890690;
L_0x60e6e038c210 .ufunc/vec4 TD_top.cpu.funct3, 3, v0x60e6e035f350_0 (v0x60e6e035a950_0) S_0x60e6e035a770;
L_0x60e6e038c530 .cmp/eq 3, L_0x60e6e038c210, L_0x7c6c8e8906d8;
L_0x60e6e038c6a0 .ufunc/vec4 TD_top.cpu.flip32, 32, L_0x60e6e0388900 (v0x60e6e035a690_0) S_0x60e6e035a3b0;
L_0x60e6e038c9d0 .functor MUXZ 32, L_0x60e6e0388900, L_0x60e6e038c6a0, L_0x60e6e038c530, C4<>;
L_0x60e6e038cc20 .part L_0x60e6e0388900, 31, 1;
L_0x60e6e038d180 .concat [ 32 1 0 0], L_0x60e6e038c9d0, L_0x60e6e038cf60;
L_0x60e6e038d2c0 .part L_0x60e6e03892b0, 0, 5;
L_0x60e6e038d610 .shift/rs 33, L_0x60e6e038d180, L_0x60e6e038d2c0;
L_0x60e6e038d750 .part L_0x60e6e038d610, 0, 32;
L_0x60e6e038db00 .ufunc/vec4 TD_top.cpu.flip32, 32, L_0x60e6e038d750 (v0x60e6e035a690_0) S_0x60e6e035a3b0;
L_0x60e6e038dbf0 .ufunc/vec4 TD_top.cpu.isJAL, 1, v0x60e6e035f350_0 (v0x60e6e035c2a0_0) S_0x60e6e035c0c0;
L_0x60e6e038df60 .ufunc/vec4 TD_top.cpu.isJALR, 1, v0x60e6e035f350_0 (v0x60e6e035c640_0) S_0x60e6e035c460;
L_0x60e6e038e110 .ufunc/vec4 TD_top.cpu.isBranch, 1, v0x60e6e035f350_0 (v0x60e6e035bb60_0) S_0x60e6e035b980;
L_0x60e6e038e7b0 .ufunc/vec4 TD_top.cpu.isBranch, 1, v0x60e6e035f350_0 (v0x60e6e035bb60_0) S_0x60e6e035b980;
L_0x60e6e038e850 .ufunc/vec4 TD_top.cpu.Bimm, 32, v0x60e6e035f350_0 (v0x60e6e0335ad0_0) S_0x60e6e02fc000;
L_0x60e6e038ebe0 .arith/sum 32, v0x60e6e035f270_0, L_0x60e6e038e850;
L_0x60e6e038eda0 .ufunc/vec4 TD_top.cpu.isJAL, 1, v0x60e6e035f350_0 (v0x60e6e035c2a0_0) S_0x60e6e035c0c0;
L_0x60e6e038f140 .ufunc/vec4 TD_top.cpu.Jimm, 32, v0x60e6e035f350_0 (v0x60e6e032ea50_0) S_0x60e6e0333ce0;
L_0x60e6e038f210 .arith/sum 32, v0x60e6e035f270_0, L_0x60e6e038f140;
L_0x60e6e038f690 .part L_0x60e6e038a4f0, 1, 31;
L_0x60e6e038f780 .concat [ 1 31 0 0], L_0x7c6c8e890720, L_0x60e6e038f690;
L_0x60e6e038fbe0 .functor MUXZ 32, L_0x60e6e038f780, L_0x60e6e038f210, L_0x60e6e038eda0, C4<>;
L_0x60e6e038fd70 .functor MUXZ 32, L_0x60e6e038fbe0, L_0x60e6e038ebe0, L_0x60e6e038e7b0, C4<>;
L_0x60e6e0390230 .ufunc/vec4 TD_top.cpu.isJAL, 1, v0x60e6e035f350_0 (v0x60e6e035c2a0_0) S_0x60e6e035c0c0;
L_0x60e6e03902d0 .ufunc/vec4 TD_top.cpu.isJALR, 1, v0x60e6e035f350_0 (v0x60e6e035c640_0) S_0x60e6e035c460;
L_0x60e6e038e550 .arith/sum 32, v0x60e6e035f270_0, L_0x7c6c8e890768;
L_0x60e6e03908d0 .ufunc/vec4 TD_top.cpu.isLUI, 1, v0x60e6e035f350_0 (v0x60e6e035caf0_0) S_0x60e6e035c800;
L_0x60e6e0390cc0 .ufunc/vec4 TD_top.cpu.Uimm, 32, v0x60e6e035f350_0 (v0x60e6e0359e10_0) S_0x60e6e02e6140;
L_0x60e6e0390d60 .ufunc/vec4 TD_top.cpu.isAUIPC, 1, v0x60e6e035f350_0 (v0x60e6e035b7c0_0) S_0x60e6e035b5e0;
L_0x60e6e0391160 .ufunc/vec4 TD_top.cpu.Uimm, 32, v0x60e6e035f350_0 (v0x60e6e0359e10_0) S_0x60e6e02e6140;
L_0x60e6e0391200 .arith/sum 32, v0x60e6e035f270_0, L_0x60e6e0391160;
L_0x60e6e03916b0 .functor MUXZ 32, v0x60e6e03608d0_0, L_0x60e6e0391200, L_0x60e6e0390d60, C4<>;
L_0x60e6e03917f0 .functor MUXZ 32, L_0x60e6e03916b0, L_0x60e6e0390cc0, L_0x60e6e03908d0, C4<>;
L_0x60e6e0391d00 .functor MUXZ 32, L_0x60e6e03917f0, L_0x60e6e038e550, L_0x60e6e038ec80, C4<>;
L_0x60e6e0391e90 .ufunc/vec4 TD_top.cpu.funct3, 3, v0x60e6e035ff80_0 (v0x60e6e035a950_0) S_0x60e6e035a770;
L_0x60e6e0392350 .part L_0x60e6e0391e90, 0, 2;
L_0x60e6e03923f0 .cmp/eq 2, L_0x60e6e0392350, L_0x7c6c8e8907b0;
L_0x60e6e03928d0 .part L_0x60e6e0391e90, 0, 2;
L_0x60e6e0392970 .cmp/eq 2, L_0x60e6e03928d0, L_0x7c6c8e8907f8;
L_0x60e6e0393010 .ufunc/vec4 TD_top.cpu.isStore, 1, v0x60e6e035ff80_0 (v0x60e6e035d5d0_0) S_0x60e6e035d3f0;
L_0x60e6e03931c0 .part v0x60e6e035fea0_0, 0, 2;
L_0x60e6e0393830 .ufunc/vec4 TD_top.cpu.funct3, 3, v0x60e6e0362100_0 (v0x60e6e035a950_0) S_0x60e6e035a770;
L_0x60e6e0393960 .part L_0x60e6e0393830, 0, 2;
L_0x60e6e0393e00 .cmp/eq 2, L_0x60e6e0393960, L_0x7c6c8e890840;
L_0x60e6e0393f70 .part L_0x60e6e0393830, 0, 2;
L_0x60e6e03943f0 .cmp/eq 2, L_0x60e6e0393f70, L_0x7c6c8e890888;
L_0x60e6e0394560 .part L_0x60e6e0393830, 2, 1;
L_0x60e6e0394a80 .reduce/nor L_0x60e6e0394560;
L_0x60e6e0394b20 .part v0x60e6e0362020_0, 22, 1;
L_0x60e6e0394ff0 .part v0x60e6e0362020_0, 0, 2;
L_0x60e6e0395090 .concat [ 2 30 0 0], L_0x60e6e0394ff0, L_0x7c6c8e8908d0;
L_0x60e6e03957a0 .arith/mult 32, L_0x60e6e0395090, L_0x7c6c8e890918;
L_0x60e6e03958e0 .shift/r 32, v0x60e6e0361e60_0, L_0x60e6e03957a0;
L_0x60e6e0395e40 .part L_0x60e6e03958e0, 0, 8;
L_0x60e6e0395f30 .part L_0x60e6e03958e0, 0, 16;
L_0x60e6e0395a20 .ufunc/vec4 TD_top.cpu.isLoad, 1, v0x60e6e0362100_0 (v0x60e6e035ce90_0) S_0x60e6e035ccb0;
L_0x60e6e0395ac0 .functor MUXZ 32, v0x60e6e0361d80_0, v0x60e6e0363650_0, L_0x60e6e0395a20, C4<>;
L_0x60e6e0395c00 .ufunc/vec4 TD_top.cpu.writesRd, 1, v0x60e6e0362100_0 (v0x60e6e035efb0_0) S_0x60e6e035edd0;
L_0x60e6e0395ca0 .ufunc/vec4 TD_top.cpu.rdId, 5, v0x60e6e0362100_0 (v0x60e6e035d970_0) S_0x60e6e035d790;
L_0x60e6e0395d40 .concat [ 5 27 0 0], L_0x60e6e0395ca0, L_0x7c6c8e890960;
L_0x60e6e0396470 .cmp/ne 32, L_0x60e6e0395d40, L_0x7c6c8e8909a8;
L_0x60e6e03960e0 .ufunc/vec4 TD_top.cpu.rdId, 5, v0x60e6e0362100_0 (v0x60e6e035d970_0) S_0x60e6e035d790;
L_0x60e6e0396ab0 .reduce/nor L_0x60e6e0347f00;
L_0x60e6e03965b0 .ufunc/vec4 TD_top.cpu.isEBREAK, 1, v0x60e6e0362100_0 (v0x60e6e035bf00_0) S_0x60e6e035bd20;
S_0x60e6e02fc000 .scope function.vec4.s32, "Bimm" "Bimm" 4 43, 4 43 0, S_0x60e6e02f91f0;
 .timescale 0 0;
; Variable Bimm is vec4 return value of scope S_0x60e6e02fc000
v0x60e6e0335ad0_0 .var "I", 31 0;
TD_top.cpu.Bimm ;
    %load/vec4 v0x60e6e0335ad0_0;
    %parti/s 1, 31, 6;
    %replicate 20;
    %load/vec4 v0x60e6e0335ad0_0;
    %parti/s 1, 7, 4;
    %concat/vec4; draw_concat_vec4
    %load/vec4 v0x60e6e0335ad0_0;
    %parti/s 6, 25, 6;
    %concat/vec4; draw_concat_vec4
    %load/vec4 v0x60e6e0335ad0_0;
    %parti/s 4, 8, 5;
    %concat/vec4; draw_concat_vec4
    %concati/vec4 0, 0, 1;
    %ret/vec4 0, 0, 32;  Assign to Bimm (store_vec4_to_lval)
    %end;
S_0x60e6e02fc3b0 .scope function.vec4.s32, "Iimm" "Iimm" 4 41, 4 41 0, S_0x60e6e02f91f0;
 .timescale 0 0;
v0x60e6e0329930_0 .var "I", 31 0;
; Variable Iimm is vec4 return value of scope S_0x60e6e02fc3b0
TD_top.cpu.Iimm ;
    %load/vec4 v0x60e6e0329930_0;
    %parti/s 1, 31, 6;
    %replicate 21;
    %load/vec4 v0x60e6e0329930_0;
    %parti/s 11, 20, 6;
    %concat/vec4; draw_concat_vec4
    %ret/vec4 0, 0, 32;  Assign to Iimm (store_vec4_to_lval)
    %end;
S_0x60e6e0333ce0 .scope function.vec4.s32, "Jimm" "Jimm" 4 44, 4 44 0, S_0x60e6e02f91f0;
 .timescale 0 0;
v0x60e6e032ea50_0 .var "I", 31 0;
; Variable Jimm is vec4 return value of scope S_0x60e6e0333ce0
TD_top.cpu.Jimm ;
    %load/vec4 v0x60e6e032ea50_0;
    %parti/s 1, 31, 6;
    %replicate 12;
    %load/vec4 v0x60e6e032ea50_0;
    %parti/s 8, 12, 5;
    %concat/vec4; draw_concat_vec4
    %load/vec4 v0x60e6e032ea50_0;
    %parti/s 1, 20, 6;
    %concat/vec4; draw_concat_vec4
    %load/vec4 v0x60e6e032ea50_0;
    %parti/s 10, 21, 6;
    %concat/vec4; draw_concat_vec4
    %concati/vec4 0, 0, 1;
    %ret/vec4 0, 0, 32;  Assign to Jimm (store_vec4_to_lval)
    %end;
S_0x60e6e0336b90 .scope function.vec4.s32, "Simm" "Simm" 4 42, 4 42 0, S_0x60e6e02f91f0;
 .timescale 0 0;
v0x60e6e0359b90_0 .var "I", 31 0;
; Variable Simm is vec4 return value of scope S_0x60e6e0336b90
TD_top.cpu.Simm ;
    %load/vec4 v0x60e6e0359b90_0;
    %parti/s 1, 31, 6;
    %replicate 21;
    %load/vec4 v0x60e6e0359b90_0;
    %parti/s 6, 25, 6;
    %concat/vec4; draw_concat_vec4
    %load/vec4 v0x60e6e0359b90_0;
    %parti/s 5, 7, 4;
    %concat/vec4; draw_concat_vec4
    %ret/vec4 0, 0, 32;  Assign to Simm (store_vec4_to_lval)
    %end;
S_0x60e6e02e6140 .scope function.vec4.s32, "Uimm" "Uimm" 4 40, 4 40 0, S_0x60e6e02f91f0;
 .timescale 0 0;
v0x60e6e0359e10_0 .var "I", 31 0;
; Variable Uimm is vec4 return value of scope S_0x60e6e02e6140
TD_top.cpu.Uimm ;
    %load/vec4 v0x60e6e0359e10_0;
    %parti/s 20, 12, 5;
    %concati/vec4 0, 0, 12;
    %ret/vec4 0, 0, 32;  Assign to Uimm (store_vec4_to_lval)
    %end;
S_0x60e6e0359ff0 .scope function.vec4.s2, "csrId" "csrId" 4 30, 4 30 0, S_0x60e6e02f91f0;
 .timescale 0 0;
v0x60e6e035a1d0_0 .var "I", 31 0;
; Variable csrId is vec4 return value of scope S_0x60e6e0359ff0
TD_top.cpu.csrId ;
    %load/vec4 v0x60e6e035a1d0_0;
    %parti/s 1, 27, 6;
    %load/vec4 v0x60e6e035a1d0_0;
    %parti/s 1, 21, 6;
    %concat/vec4; draw_concat_vec4
    %ret/vec4 0, 0, 2;  Assign to csrId (store_vec4_to_lval)
    %end;
S_0x60e6e035a3b0 .scope function.vec4.s32, "flip32" "flip32" 4 252, 4 252 0, S_0x60e6e02f91f0;
 .timescale 0 0;
; Variable flip32 is vec4 return value of scope S_0x60e6e035a3b0
v0x60e6e035a690_0 .var "x", 31 0;
TD_top.cpu.flip32 ;
    %load/vec4 v0x60e6e035a690_0;
    %parti/s 1, 0, 2;
    %load/vec4 v0x60e6e035a690_0;
    %parti/s 1, 1, 2;
    %concat/vec4; draw_concat_vec4
    %load/vec4 v0x60e6e035a690_0;
    %parti/s 1, 2, 3;
    %concat/vec4; draw_concat_vec4
    %load/vec4 v0x60e6e035a690_0;
    %parti/s 1, 3, 3;
    %concat/vec4; draw_concat_vec4
    %load/vec4 v0x60e6e035a690_0;
    %parti/s 1, 4, 4;
    %concat/vec4; draw_concat_vec4
    %load/vec4 v0x60e6e035a690_0;
    %parti/s 1, 5, 4;
    %concat/vec4; draw_concat_vec4
    %load/vec4 v0x60e6e035a690_0;
    %parti/s 1, 6, 4;
    %concat/vec4; draw_concat_vec4
    %load/vec4 v0x60e6e035a690_0;
    %parti/s 1, 7, 4;
    %concat/vec4; draw_concat_vec4
    %load/vec4 v0x60e6e035a690_0;
    %parti/s 1, 8, 5;
    %concat/vec4; draw_concat_vec4
    %load/vec4 v0x60e6e035a690_0;
    %parti/s 1, 9, 5;
    %concat/vec4; draw_concat_vec4
    %load/vec4 v0x60e6e035a690_0;
    %parti/s 1, 10, 5;
    %concat/vec4; draw_concat_vec4
    %load/vec4 v0x60e6e035a690_0;
    %parti/s 1, 11, 5;
    %concat/vec4; draw_concat_vec4
    %load/vec4 v0x60e6e035a690_0;
    %parti/s 1, 12, 5;
    %concat/vec4; draw_concat_vec4
    %load/vec4 v0x60e6e035a690_0;
    %parti/s 1, 13, 5;
    %concat/vec4; draw_concat_vec4
    %load/vec4 v0x60e6e035a690_0;
    %parti/s 1, 14, 5;
    %concat/vec4; draw_concat_vec4
    %load/vec4 v0x60e6e035a690_0;
    %parti/s 1, 15, 5;
    %concat/vec4; draw_concat_vec4
    %load/vec4 v0x60e6e035a690_0;
    %parti/s 1, 16, 6;
    %concat/vec4; draw_concat_vec4
    %load/vec4 v0x60e6e035a690_0;
    %parti/s 1, 17, 6;
    %concat/vec4; draw_concat_vec4
    %load/vec4 v0x60e6e035a690_0;
    %parti/s 1, 18, 6;
    %concat/vec4; draw_concat_vec4
    %load/vec4 v0x60e6e035a690_0;
    %parti/s 1, 19, 6;
    %concat/vec4; draw_concat_vec4
    %load/vec4 v0x60e6e035a690_0;
    %parti/s 1, 20, 6;
    %concat/vec4; draw_concat_vec4
    %load/vec4 v0x60e6e035a690_0;
    %parti/s 1, 21, 6;
    %concat/vec4; draw_concat_vec4
    %load/vec4 v0x60e6e035a690_0;
    %parti/s 1, 22, 6;
    %concat/vec4; draw_concat_vec4
    %load/vec4 v0x60e6e035a690_0;
    %parti/s 1, 23, 6;
    %concat/vec4; draw_concat_vec4
    %load/vec4 v0x60e6e035a690_0;
    %parti/s 1, 24, 6;
    %concat/vec4; draw_concat_vec4
    %load/vec4 v0x60e6e035a690_0;
    %parti/s 1, 25, 6;
    %concat/vec4; draw_concat_vec4
    %load/vec4 v0x60e6e035a690_0;
    %parti/s 1, 26, 6;
    %concat/vec4; draw_concat_vec4
    %load/vec4 v0x60e6e035a690_0;
    %parti/s 1, 27, 6;
    %concat/vec4; draw_concat_vec4
    %load/vec4 v0x60e6e035a690_0;
    %parti/s 1, 28, 6;
    %concat/vec4; draw_concat_vec4
    %load/vec4 v0x60e6e035a690_0;
    %parti/s 1, 29, 6;
    %concat/vec4; draw_concat_vec4
    %load/vec4 v0x60e6e035a690_0;
    %parti/s 1, 30, 6;
    %concat/vec4; draw_concat_vec4
    %load/vec4 v0x60e6e035a690_0;
    %parti/s 1, 31, 6;
    %concat/vec4; draw_concat_vec4
    %ret/vec4 0, 0, 32;  Assign to flip32 (store_vec4_to_lval)
    %end;
S_0x60e6e035a770 .scope function.vec4.s3, "funct3" "funct3" 4 33, 4 33 0, S_0x60e6e02f91f0;
 .timescale 0 0;
v0x60e6e035a950_0 .var "I", 31 0;
; Variable funct3 is vec4 return value of scope S_0x60e6e035a770
TD_top.cpu.funct3 ;
    %load/vec4 v0x60e6e035a950_0;
    %parti/s 3, 12, 5;
    %ret/vec4 0, 0, 3;  Assign to funct3 (store_vec4_to_lval)
    %end;
S_0x60e6e035ab30 .scope function.vec4.s7, "funct7" "funct7" 4 34, 4 34 0, S_0x60e6e02f91f0;
 .timescale 0 0;
v0x60e6e035ad10_0 .var "I", 31 0;
; Variable funct7 is vec4 return value of scope S_0x60e6e035ab30
TD_top.cpu.funct7 ;
    %load/vec4 v0x60e6e035ad10_0;
    %parti/s 7, 25, 6;
    %ret/vec4 0, 0, 7;  Assign to funct7 (store_vec4_to_lval)
    %end;
S_0x60e6e035aef0 .scope function.vec4.s1, "isALUimm" "isALUimm" 4 15, 4 15 0, S_0x60e6e02f91f0;
 .timescale 0 0;
v0x60e6e035b080_0 .var "I", 31 0;
; Variable isALUimm is vec4 return value of scope S_0x60e6e035aef0
TD_top.cpu.isALUimm ;
    %load/vec4 v0x60e6e035b080_0;
    %parti/s 7, 0, 2;
    %pushi/vec4 19, 0, 7;
    %cmp/e;
    %flag_get/vec4 4;
    %ret/vec4 0, 0, 1;  Assign to isALUimm (store_vec4_to_lval)
    %end;
S_0x60e6e035b240 .scope function.vec4.s1, "isALUreg" "isALUreg" 4 14, 4 14 0, S_0x60e6e02f91f0;
 .timescale 0 0;
v0x60e6e035b420_0 .var "I", 31 0;
; Variable isALUreg is vec4 return value of scope S_0x60e6e035b240
TD_top.cpu.isALUreg ;
    %load/vec4 v0x60e6e035b420_0;
    %parti/s 7, 0, 2;
    %pushi/vec4 51, 0, 7;
    %cmp/e;
    %flag_get/vec4 4;
    %ret/vec4 0, 0, 1;  Assign to isALUreg (store_vec4_to_lval)
    %end;
S_0x60e6e035b5e0 .scope function.vec4.s1, "isAUIPC" "isAUIPC" 4 19, 4 19 0, S_0x60e6e02f91f0;
 .timescale 0 0;
v0x60e6e035b7c0_0 .var "I", 31 0;
; Variable isAUIPC is vec4 return value of scope S_0x60e6e035b5e0
TD_top.cpu.isAUIPC ;
    %load/vec4 v0x60e6e035b7c0_0;
    %parti/s 7, 0, 2;
    %pushi/vec4 23, 0, 7;
    %cmp/e;
    %flag_get/vec4 4;
    %ret/vec4 0, 0, 1;  Assign to isAUIPC (store_vec4_to_lval)
    %end;
S_0x60e6e035b980 .scope function.vec4.s1, "isBranch" "isBranch" 4 16, 4 16 0, S_0x60e6e02f91f0;
 .timescale 0 0;
v0x60e6e035bb60_0 .var "I", 31 0;
; Variable isBranch is vec4 return value of scope S_0x60e6e035b980
TD_top.cpu.isBranch ;
    %load/vec4 v0x60e6e035bb60_0;
    %parti/s 7, 0, 2;
    %pushi/vec4 99, 0, 7;
    %cmp/e;
    %flag_get/vec4 4;
    %ret/vec4 0, 0, 1;  Assign to isBranch (store_vec4_to_lval)
    %end;
S_0x60e6e035bd20 .scope function.vec4.s1, "isEBREAK" "isEBREAK" 4 37, 4 37 0, S_0x60e6e02f91f0;
 .timescale 0 0;
v0x60e6e035bf00_0 .var "I", 31 0;
; Variable isEBREAK is vec4 return value of scope S_0x60e6e035bd20
TD_top.cpu.isEBREAK ;
    %load/vec4 v0x60e6e035bf00_0;
    %store/vec4 v0x60e6e035d230_0, 0, 32;
    %callf/vec4 TD_top.cpu.isSYSTEM, S_0x60e6e035d050;
    %flag_set/vec4 8;
    %flag_get/vec4 8;
    %jmp/0 T_13.0, 8;
    %load/vec4 v0x60e6e035bf00_0;
    %store/vec4 v0x60e6e035a950_0, 0, 32;
    %callf/vec4 TD_top.cpu.funct3, S_0x60e6e035a770;
    %pushi/vec4 0, 0, 3;
    %cmp/e;
    %flag_get/vec4 4;
    %and;
T_13.0;
    %ret/vec4 0, 0, 1;  Assign to isEBREAK (store_vec4_to_lval)
    %end;
S_0x60e6e035c0c0 .scope function.vec4.s1, "isJAL" "isJAL" 4 18, 4 18 0, S_0x60e6e02f91f0;
 .timescale 0 0;
v0x60e6e035c2a0_0 .var "I", 31 0;
; Variable isJAL is vec4 return value of scope S_0x60e6e035c0c0
TD_top.cpu.isJAL ;
    %load/vec4 v0x60e6e035c2a0_0;
    %parti/s 7, 0, 2;
    %pushi/vec4 111, 0, 7;
    %cmp/e;
    %flag_get/vec4 4;
    %ret/vec4 0, 0, 1;  Assign to isJAL (store_vec4_to_lval)
    %end;
S_0x60e6e035c460 .scope function.vec4.s1, "isJALR" "isJALR" 4 17, 4 17 0, S_0x60e6e02f91f0;
 .timescale 0 0;
v0x60e6e035c640_0 .var "I", 31 0;
; Variable isJALR is vec4 return value of scope S_0x60e6e035c460
TD_top.cpu.isJALR ;
    %load/vec4 v0x60e6e035c640_0;
    %parti/s 7, 0, 2;
    %pushi/vec4 103, 0, 7;
    %cmp/e;
    %flag_get/vec4 4;
    %ret/vec4 0, 0, 1;  Assign to isJALR (store_vec4_to_lval)
    %end;
S_0x60e6e035c800 .scope function.vec4.s1, "isLUI" "isLUI" 4 20, 4 20 0, S_0x60e6e02f91f0;
 .timescale 0 0;
v0x60e6e035caf0_0 .var "I", 31 0;
; Variable isLUI is vec4 return value of scope S_0x60e6e035c800
TD_top.cpu.isLUI ;
    %load/vec4 v0x60e6e035caf0_0;
    %parti/s 7, 0, 2;
    %pushi/vec4 55, 0, 7;
    %cmp/e;
    %flag_get/vec4 4;
    %ret/vec4 0, 0, 1;  Assign to isLUI (store_vec4_to_lval)
    %end;
S_0x60e6e035ccb0 .scope function.vec4.s1, "isLoad" "isLoad" 4 21, 4 21 0, S_0x60e6e02f91f0;
 .timescale 0 0;
v0x60e6e035ce90_0 .var "I", 31 0;
; Variable isLoad is vec4 return value of scope S_0x60e6e035ccb0
TD_top.cpu.isLoad ;
    %load/vec4 v0x60e6e035ce90_0;
    %parti/s 7, 0, 2;
    %pushi/vec4 3, 0, 7;
    %cmp/e;
    %flag_get/vec4 4;
    %ret/vec4 0, 0, 1;  Assign to isLoad (store_vec4_to_lval)
    %end;
S_0x60e6e035d050 .scope function.vec4.s1, "isSYSTEM" "isSYSTEM" 4 23, 4 23 0, S_0x60e6e02f91f0;
 .timescale 0 0;
v0x60e6e035d230_0 .var "I", 31 0;
; Variable isSYSTEM is vec4 return value of scope S_0x60e6e035d050
TD_top.cpu.isSYSTEM ;
    %load/vec4 v0x60e6e035d230_0;
    %parti/s 7, 0, 2;
    %pushi/vec4 115, 0, 7;
    %cmp/e;
    %flag_get/vec4 4;
    %ret/vec4 0, 0, 1;  Assign to isSYSTEM (store_vec4_to_lval)
    %end;
S_0x60e6e035d3f0 .scope function.vec4.s1, "isStore" "isStore" 4 22, 4 22 0, S_0x60e6e02f91f0;
 .timescale 0 0;
v0x60e6e035d5d0_0 .var "I", 31 0;
; Variable isStore is vec4 return value of scope S_0x60e6e035d3f0
TD_top.cpu.isStore ;
    %load/vec4 v0x60e6e035d5d0_0;
    %parti/s 7, 0, 2;
    %pushi/vec4 35, 0, 7;
    %cmp/e;
    %flag_get/vec4 4;
    %ret/vec4 0, 0, 1;  Assign to isStore (store_vec4_to_lval)
    %end;
S_0x60e6e035d790 .scope function.vec4.s5, "rdId" "rdId" 4 29, 4 29 0, S_0x60e6e02f91f0;
 .timescale 0 0;
v0x60e6e035d970_0 .var "I", 31 0;
; Variable rdId is vec4 return value of scope S_0x60e6e035d790
TD_top.cpu.rdId ;
    %load/vec4 v0x60e6e035d970_0;
    %parti/s 5, 7, 4;
    %ret/vec4 0, 0, 5;  Assign to rdId (store_vec4_to_lval)
    %end;
S_0x60e6e035db50 .scope function.vec4.s1, "readsRs1" "readsRs1" 4 48, 4 48 0, S_0x60e6e02f91f0;
 .timescale 0 0;
v0x60e6e035dd30_0 .var "I", 31 0;
; Variable readsRs1 is vec4 return value of scope S_0x60e6e035db50
TD_top.cpu.readsRs1 ;
    %load/vec4 v0x60e6e035dd30_0;
    %store/vec4 v0x60e6e035c2a0_0, 0, 32;
    %callf/vec4 TD_top.cpu.isJAL, S_0x60e6e035c0c0;
    %flag_set/vec4 8;
    %jmp/1 T_21.2, 8;
    %load/vec4 v0x60e6e035dd30_0;
    %store/vec4 v0x60e6e035b7c0_0, 0, 32;
    %callf/vec4 TD_top.cpu.isAUIPC, S_0x60e6e035b5e0;
    %flag_set/vec4 9;
    %flag_or 8, 9;
T_21.2;
    %flag_get/vec4 8;
    %jmp/1 T_21.1, 8;
    %load/vec4 v0x60e6e035dd30_0;
    %store/vec4 v0x60e6e035caf0_0, 0, 32;
    %callf/vec4 TD_top.cpu.isLUI, S_0x60e6e035c800;
    %or;
T_21.1;
    %nor/r;
    %ret/vec4 0, 0, 1;  Assign to readsRs1 (store_vec4_to_lval)
    %end;
S_0x60e6e035def0 .scope function.vec4.s1, "readsRs2" "readsRs2" 4 49, 4 49 0, S_0x60e6e02f91f0;
 .timescale 0 0;
v0x60e6e035e0d0_0 .var "I", 31 0;
; Variable readsRs2 is vec4 return value of scope S_0x60e6e035def0
TD_top.cpu.readsRs2 ;
    %load/vec4 v0x60e6e035e0d0_0;
    %store/vec4 v0x60e6e035b420_0, 0, 32;
    %callf/vec4 TD_top.cpu.isALUreg, S_0x60e6e035b240;
    %flag_set/vec4 8;
    %jmp/1 T_22.4, 8;
    %load/vec4 v0x60e6e035e0d0_0;
    %store/vec4 v0x60e6e035bb60_0, 0, 32;
    %callf/vec4 TD_top.cpu.isBranch, S_0x60e6e035b980;
    %flag_set/vec4 9;
    %flag_or 8, 9;
T_22.4;
    %flag_get/vec4 8;
    %jmp/1 T_22.3, 8;
    %load/vec4 v0x60e6e035e0d0_0;
    %store/vec4 v0x60e6e035d5d0_0, 0, 32;
    %callf/vec4 TD_top.cpu.isStore, S_0x60e6e035d3f0;
    %or;
T_22.3;
    %ret/vec4 0, 0, 1;  Assign to readsRs2 (store_vec4_to_lval)
    %end;
S_0x60e6e035e290 .scope function.vec4.s5, "rs1Id" "rs1Id" 4 26, 4 26 0, S_0x60e6e02f91f0;
 .timescale 0 0;
v0x60e6e035e470_0 .var "I", 31 0;
; Variable rs1Id is vec4 return value of scope S_0x60e6e035e290
TD_top.cpu.rs1Id ;
    %load/vec4 v0x60e6e035e470_0;
    %parti/s 5, 15, 5;
    %ret/vec4 0, 0, 5;  Assign to rs1Id (store_vec4_to_lval)
    %end;
S_0x60e6e035e650 .scope function.vec4.s5, "rs2Id" "rs2Id" 4 27, 4 27 0, S_0x60e6e02f91f0;
 .timescale 0 0;
v0x60e6e035e830_0 .var "I", 31 0;
; Variable rs2Id is vec4 return value of scope S_0x60e6e035e650
TD_top.cpu.rs2Id ;
    %load/vec4 v0x60e6e035e830_0;
    %parti/s 5, 20, 6;
    %ret/vec4 0, 0, 5;  Assign to rs2Id (store_vec4_to_lval)
    %end;
S_0x60e6e035ea10 .scope function.vec4.s5, "shamt" "shamt" 4 28, 4 28 0, S_0x60e6e02f91f0;
 .timescale 0 0;
v0x60e6e035ebf0_0 .var "I", 31 0;
; Variable shamt is vec4 return value of scope S_0x60e6e035ea10
TD_top.cpu.shamt ;
    %load/vec4 v0x60e6e035ebf0_0;
    %parti/s 5, 20, 6;
    %ret/vec4 0, 0, 5;  Assign to shamt (store_vec4_to_lval)
    %end;
S_0x60e6e035edd0 .scope function.vec4.s1, "writesRd" "writesRd" 4 47, 4 47 0, S_0x60e6e02f91f0;
 .timescale 0 0;
v0x60e6e035efb0_0 .var "I", 31 0;
; Variable writesRd is vec4 return value of scope S_0x60e6e035edd0
TD_top.cpu.writesRd ;
    %load/vec4 v0x60e6e035efb0_0;
    %store/vec4 v0x60e6e035d5d0_0, 0, 32;
    %callf/vec4 TD_top.cpu.isStore, S_0x60e6e035d3f0;
    %nor/r;
    %flag_set/vec4 8;
    %flag_get/vec4 8;
    %jmp/0 T_26.5, 8;
    %load/vec4 v0x60e6e035efb0_0;
    %store/vec4 v0x60e6e035bb60_0, 0, 32;
    %callf/vec4 TD_top.cpu.isBranch, S_0x60e6e035b980;
    %nor/r;
    %and;
T_26.5;
    %ret/vec4 0, 0, 1;  Assign to writesRd (store_vec4_to_lval)
    %end;
S_0x60e6e036d140 .scope module, "data_mem" "mem" 3 45, 5 1 0, S_0x60e6e02f8d80;
 .timescale 0 0;
    .port_info 0 /INPUT 1 "clk";
    .port_info 1 /INPUT 1 "we";
    .port_info 2 /INPUT 32 "a";
    .port_info 3 /INPUT 32 "wd";
    .port_info 4 /OUTPUT 32 "rd";
    .port_info 5 /INPUT 4 "wm";
P_0x60e6e036d340 .param/str "FILENAME" 0 5 1, "data.hex";
L_0x60e6e03971f0 .functor BUFZ 32, L_0x60e6e0397060, C4<00000000000000000000000000000000>, C4<00000000000000000000000000000000>, C4<00000000000000000000000000000000>;
v0x60e6e036d4c0 .array "RAM", 255 0, 31 0;
v0x60e6e036d5a0_0 .net *"_ivl_2", 31 0, L_0x60e6e0397060;  1 drivers
v0x60e6e036d680_0 .net *"_ivl_5", 29 0, L_0x60e6e0397100;  1 drivers
v0x60e6e036d740_0 .net "a", 31 0, L_0x60e6e0392e60;  alias, 1 drivers
v0x60e6e036d800_0 .net "clk", 0 0, L_0x60e6e0372570;  alias, 1 drivers
v0x60e6e036d8f0_0 .net "rd", 31 0, L_0x60e6e03971f0;  alias, 1 drivers
v0x60e6e036d990_0 .net "wd", 31 0, L_0x60e6e0393100;  alias, 1 drivers
v0x60e6e036da50_0 .net "we", 0 0, L_0x60e6e0397300;  1 drivers
v0x60e6e036daf0_0 .net "wm", 3 0, L_0x60e6e0393670;  alias, 1 drivers
v0x60e6e036dbb0_0 .net "word_addr", 29 0, L_0x60e6e0396fc0;  1 drivers
L_0x60e6e0396fc0 .part L_0x60e6e0392e60, 2, 30;
L_0x60e6e0397060 .array/port v0x60e6e036d4c0, L_0x60e6e0397100;
L_0x60e6e0397100 .part L_0x60e6e0392e60, 2, 30;
S_0x60e6e036dd70 .scope module, "hex0" "dec7seg" 3 75, 6 1 0, S_0x60e6e02f8d80;
 .timescale 0 0;
    .port_info 0 /INPUT 4 "hex";
    .port_info 1 /OUTPUT 7 "segs";
v0x60e6e036df80_0 .net "hex", 3 0, L_0x60e6e03976f0;  1 drivers
v0x60e6e036e080_0 .var "segs", 6 0;
E_0x60e6e036df00 .event anyedge, v0x60e6e036df80_0;
S_0x60e6e036e1c0 .scope module, "hex1" "dec7seg" 3 76, 6 1 0, S_0x60e6e02f8d80;
 .timescale 0 0;
    .port_info 0 /INPUT 4 "hex";
    .port_info 1 /OUTPUT 7 "segs";
v0x60e6e036e460_0 .net "hex", 3 0, L_0x60e6e0397790;  1 drivers
v0x60e6e036e560_0 .var "segs", 6 0;
E_0x60e6e036e3e0 .event anyedge, v0x60e6e036e460_0;
S_0x60e6e036e6a0 .scope module, "hex2" "dec7seg" 3 77, 6 1 0, S_0x60e6e02f8d80;
 .timescale 0 0;
    .port_info 0 /INPUT 4 "hex";
    .port_info 1 /OUTPUT 7 "segs";
v0x60e6e036e990_0 .net "hex", 3 0, L_0x60e6e0397880;  1 drivers
v0x60e6e036ea90_0 .var "segs", 6 0;
E_0x60e6e036e910 .event anyedge, v0x60e6e036e990_0;
S_0x60e6e036ebd0 .scope module, "hex3" "dec7seg" 3 78, 6 1 0, S_0x60e6e02f8d80;
 .timescale 0 0;
    .port_info 0 /INPUT 4 "hex";
    .port_info 1 /OUTPUT 7 "segs";
v0x60e6e036ee70_0 .net "hex", 3 0, L_0x60e6e0397960;  1 drivers
v0x60e6e036ef70_0 .var "segs", 6 0;
E_0x60e6e036edf0 .event anyedge, v0x60e6e036ee70_0;
S_0x60e6e036f0b0 .scope module, "hex4" "dec7seg" 3 79, 6 1 0, S_0x60e6e02f8d80;
 .timescale 0 0;
    .port_info 0 /INPUT 4 "hex";
    .port_info 1 /OUTPUT 7 "segs";
v0x60e6e036f350_0 .net "hex", 3 0, L_0x60e6e0397a90;  1 drivers
v0x60e6e036f450_0 .var "segs", 6 0;
E_0x60e6e036f2d0 .event anyedge, v0x60e6e036f350_0;
S_0x60e6e036f590 .scope module, "hex5" "dec7seg" 3 80, 6 1 0, S_0x60e6e02f8d80;
 .timescale 0 0;
    .port_info 0 /INPUT 4 "hex";
    .port_info 1 /OUTPUT 7 "segs";
v0x60e6e036f830_0 .net "hex", 3 0, L_0x60e6e0397bb0;  1 drivers
v0x60e6e036f930_0 .var "segs", 6 0;
E_0x60e6e036f7b0 .event anyedge, v0x60e6e036f830_0;
S_0x60e6e036fa70 .scope module, "instr_mem" "mem" 3 58, 5 1 0, S_0x60e6e02f8d80;
 .timescale 0 0;
    .port_info 0 /INPUT 1 "clk";
    .port_info 1 /INPUT 1 "we";
    .port_info 2 /INPUT 32 "a";
    .port_info 3 /INPUT 32 "wd";
    .port_info 4 /OUTPUT 32 "rd";
    .port_info 5 /INPUT 4 "wm";
P_0x60e6e036e880 .param/str "FILENAME" 0 5 1, "text.hex";
L_0x60e6e0397630 .functor BUFZ 32, L_0x60e6e03974f0, C4<00000000000000000000000000000000>, C4<00000000000000000000000000000000>, C4<00000000000000000000000000000000>;
v0x60e6e036fe00 .array "RAM", 255 0, 31 0;
v0x60e6e036fee0_0 .net *"_ivl_2", 31 0, L_0x60e6e03974f0;  1 drivers
v0x60e6e036ffc0_0 .net *"_ivl_5", 29 0, L_0x60e6e0397590;  1 drivers
v0x60e6e0370080_0 .net "a", 31 0, v0x60e6e0361bc0_0;  alias, 1 drivers
o0x7c6c8e8dd0f8 .functor BUFZ 1, C4<z>; HiZ drive
v0x60e6e0370140_0 .net "clk", 0 0, o0x7c6c8e8dd0f8;  0 drivers
v0x60e6e0370230_0 .net "rd", 31 0, L_0x60e6e0397630;  alias, 1 drivers
o0x7c6c8e8dd128 .functor BUFZ 32, C4<zzzzzzzzzzzzzzzzzzzzzzzzzzzzzzzz>; HiZ drive
v0x60e6e03702f0_0 .net "wd", 31 0, o0x7c6c8e8dd128;  0 drivers
o0x7c6c8e8dd158 .functor BUFZ 1, C4<z>; HiZ drive
v0x60e6e03703b0_0 .net "we", 0 0, o0x7c6c8e8dd158;  0 drivers
o0x7c6c8e8dd188 .functor BUFZ 4, C4<zzzz>; HiZ drive
v0x60e6e0370470_0 .net "wm", 3 0, o0x7c6c8e8dd188;  0 drivers
v0x60e6e0370550_0 .net "word_addr", 29 0, L_0x60e6e03973c0;  1 drivers
E_0x60e6e036fd80 .event posedge, v0x60e6e0370140_0;
L_0x60e6e03973c0 .part v0x60e6e0361bc0_0, 2, 30;
L_0x60e6e03974f0 .array/port v0x60e6e036fe00, L_0x60e6e0397590;
L_0x60e6e0397590 .part v0x60e6e0361bc0_0, 2, 30;
    .scope S_0x60e6e02f91f0;
T_27 ;
    %wait E_0x60e6e0239a50;
    %load/vec4 v0x60e6e036cc20_0;
    %flag_set/vec4 8;
    %jmp/0xz  T_27.0, 8;
    %pushi/vec4 0, 0, 32;
    %assign/vec4 v0x60e6e0361bc0_0, 0;
    %pushi/vec4 0, 0, 32;
    %assign/vec4 v0x60e6e0361940_0, 0;
    %pushi/vec4 51, 0, 32;
    %assign/vec4 v0x60e6e0361a20_0, 0;
    %pushi/vec4 1, 0, 1;
    %assign/vec4 v0x60e6e0361b00_0, 0;
    %jmp T_27.1;
T_27.0 ;
    %load/vec4 v0x60e6e036cce0_0;
    %nor/r;
    %flag_set/vec4 8;
    %jmp/0xz  T_27.2, 8;
    %load/vec4 v0x60e6e0361ca0_0;
    %assign/vec4 v0x60e6e0361a20_0, 0;
    %load/vec4 v0x60e6e0361bc0_0;
    %assign/vec4 v0x60e6e0361940_0, 0;
    %load/vec4 v0x60e6e0361bc0_0;
    %addi 4, 0, 32;
    %assign/vec4 v0x60e6e0361bc0_0, 0;
    %load/vec4 v0x60e6e036c9c0_0;
    %flag_set/vec4 8;
    %jmp/0xz  T_27.4, 8;
    %load/vec4 v0x60e6e036ca80_0;
    %assign/vec4 v0x60e6e0361bc0_0, 0;
T_27.4 ;
T_27.2 ;
    %load/vec4 v0x60e6e036c9c0_0;
    %flag_set/vec4 8;
    %jmp/0xz  T_27.6, 8;
    %pushi/vec4 1, 0, 1;
    %assign/vec4 v0x60e6e0361b00_0, 0;
    %jmp T_27.7;
T_27.6 ;
    %load/vec4 v0x60e6e036cce0_0;
    %nor/r;
    %flag_set/vec4 8;
    %jmp/0xz  T_27.8, 8;
    %pushi/vec4 0, 0, 1;
    %assign/vec4 v0x60e6e0361b00_0, 0;
T_27.8 ;
T_27.7 ;
T_27.1 ;
    %jmp T_27;
    .thread T_27;
    .scope S_0x60e6e02f91f0;
T_28 ;
    %wait E_0x60e6e0239a50;
    %load/vec4 v0x60e6e036cc20_0;
    %flag_set/vec4 8;
    %jmp/0xz  T_28.0, 8;
    %pushi/vec4 0, 0, 32;
    %assign/vec4 v0x60e6e035f270_0, 0;
    %pushi/vec4 51, 0, 32;
    %assign/vec4 v0x60e6e035f350_0, 0;
    %pushi/vec4 0, 0, 32;
    %assign/vec4 v0x60e6e035f410_0, 0;
    %pushi/vec4 0, 0, 32;
    %assign/vec4 v0x60e6e035f4f0_0, 0;
    %jmp T_28.1;
T_28.0 ;
    %load/vec4 v0x60e6e036c540_0;
    %flag_set/vec4 8;
    %jmp/0xz  T_28.2, 8;
    %pushi/vec4 0, 0, 32;
    %assign/vec4 v0x60e6e035f270_0, 0;
    %pushi/vec4 51, 0, 32;
    %assign/vec4 v0x60e6e035f350_0, 0;
    %pushi/vec4 0, 0, 32;
    %assign/vec4 v0x60e6e035f410_0, 0;
    %pushi/vec4 0, 0, 32;
    %assign/vec4 v0x60e6e035f4f0_0, 0;
    %jmp T_28.3;
T_28.2 ;
    %load/vec4 v0x60e6e036cce0_0;
    %flag_set/vec4 8;
    %jmp/0xz  T_28.4, 8;
    %pushi/vec4 51, 0, 32;
    %assign/vec4 v0x60e6e035f350_0, 0;
    %pushi/vec4 0, 0, 32;
    %assign/vec4 v0x60e6e035f410_0, 0;
    %pushi/vec4 0, 0, 32;
    %assign/vec4 v0x60e6e035f4f0_0, 0;
    %jmp T_28.5;
T_28.4 ;
    %load/vec4 v0x60e6e0361940_0;
    %assign/vec4 v0x60e6e035f270_0, 0;
    %load/vec4 v0x60e6e0361b00_0;
    %flag_set/vec4 8;
    %jmp/0 T_28.6, 8;
    %pushi/vec4 51, 0, 32;
    %jmp/1 T_28.7, 8;
T_28.6 ; End of true expr.
    %load/vec4 v0x60e6e0361a20_0;
    %jmp/0 T_28.7, 8;
 ; End of false expr.
    %blend;
T_28.7;
    %assign/vec4 v0x60e6e035f350_0, 0;
    %load/vec4 v0x60e6e035f880_0;
    %assign/vec4 v0x60e6e035f410_0, 0;
    %load/vec4 v0x60e6e035fb20_0;
    %assign/vec4 v0x60e6e035f4f0_0, 0;
T_28.5 ;
T_28.3 ;
T_28.1 ;
    %load/vec4 v0x60e6e036cf60_0;
    %flag_set/vec4 8;
    %jmp/0xz  T_28.8, 8;
    %load/vec4 v0x60e6e036ce80_0;
    %load/vec4 v0x60e6e036cda0_0;
    %pad/u 7;
    %ix/vec4 3;
    %ix/load 4, 0, 0; Constant delay
    %assign/vec4/a/d v0x60e6e03630b0, 0, 4;
T_28.8 ;
    %jmp T_28;
    .thread T_28;
    .scope S_0x60e6e02f91f0;
T_29 ;
    %wait E_0x60e6e0347b20;
    %load/vec4 v0x60e6e035f350_0;
    %store/vec4 v0x60e6e035a950_0, 0, 32;
    %callf/vec4 TD_top.cpu.funct3, S_0x60e6e035a770;
    %dup/vec4;
    %pushi/vec4 0, 0, 3;
    %cmp/u;
    %jmp/1 T_29.0, 6;
    %dup/vec4;
    %pushi/vec4 1, 0, 3;
    %cmp/u;
    %jmp/1 T_29.1, 6;
    %dup/vec4;
    %pushi/vec4 2, 0, 3;
    %cmp/u;
    %jmp/1 T_29.2, 6;
    %dup/vec4;
    %pushi/vec4 3, 0, 3;
    %cmp/u;
    %jmp/1 T_29.3, 6;
    %dup/vec4;
    %pushi/vec4 4, 0, 3;
    %cmp/u;
    %jmp/1 T_29.4, 6;
    %dup/vec4;
    %pushi/vec4 5, 0, 3;
    %cmp/u;
    %jmp/1 T_29.5, 6;
    %dup/vec4;
    %pushi/vec4 6, 0, 3;
    %cmp/u;
    %jmp/1 T_29.6, 6;
    %dup/vec4;
    %pushi/vec4 7, 0, 3;
    %cmp/u;
    %jmp/1 T_29.7, 6;
    %jmp T_29.8;
T_29.0 ;
    %load/vec4 v0x60e6e0360dd0_0;
    %flag_set/vec4 8;
    %jmp/0 T_29.9, 8;
    %load/vec4 v0x60e6e03607f0_0;
    %parti/s 32, 0, 2;
    %jmp/1 T_29.10, 8;
T_29.9 ; End of true expr.
    %load/vec4 v0x60e6e03609b0_0;
    %jmp/0 T_29.10, 8;
 ; End of false expr.
    %blend;
T_29.10;
    %store/vec4 v0x60e6e03608d0_0, 0, 32;
    %jmp T_29.8;
T_29.1 ;
    %load/vec4 v0x60e6e0360cf0_0;
    %store/vec4 v0x60e6e03608d0_0, 0, 32;
    %jmp T_29.8;
T_29.2 ;
    %pushi/vec4 0, 0, 31;
    %load/vec4 v0x60e6e03604b0_0;
    %concat/vec4; draw_concat_vec4
    %store/vec4 v0x60e6e03608d0_0, 0, 32;
    %jmp T_29.8;
T_29.3 ;
    %pushi/vec4 0, 0, 31;
    %load/vec4 v0x60e6e0360570_0;
    %concat/vec4; draw_concat_vec4
    %store/vec4 v0x60e6e03608d0_0, 0, 32;
    %jmp T_29.8;
T_29.4 ;
    %load/vec4 v0x60e6e0360630_0;
    %load/vec4 v0x60e6e0360710_0;
    %xor;
    %store/vec4 v0x60e6e03608d0_0, 0, 32;
    %jmp T_29.8;
T_29.5 ;
    %load/vec4 v0x60e6e03616c0_0;
    %store/vec4 v0x60e6e03608d0_0, 0, 32;
    %jmp T_29.8;
T_29.6 ;
    %load/vec4 v0x60e6e0360630_0;
    %load/vec4 v0x60e6e0360710_0;
    %or;
    %store/vec4 v0x60e6e03608d0_0, 0, 32;
    %jmp T_29.8;
T_29.7 ;
    %load/vec4 v0x60e6e0360630_0;
    %load/vec4 v0x60e6e0360710_0;
    %and;
    %store/vec4 v0x60e6e03608d0_0, 0, 32;
    %jmp T_29.8;
T_29.8 ;
    %pop/vec4 1;
    %jmp T_29;
    .thread T_29, $push;
    .scope S_0x60e6e02f91f0;
T_30 ;
    %wait E_0x60e6e0347d00;
    %load/vec4 v0x60e6e035f350_0;
    %store/vec4 v0x60e6e035a950_0, 0, 32;
    %callf/vec4 TD_top.cpu.funct3, S_0x60e6e035a770;
    %dup/vec4;
    %pushi/vec4 0, 0, 3;
    %cmp/u;
    %jmp/1 T_30.0, 6;
    %dup/vec4;
    %pushi/vec4 1, 0, 3;
    %cmp/u;
    %jmp/1 T_30.1, 6;
    %dup/vec4;
    %pushi/vec4 4, 0, 3;
    %cmp/u;
    %jmp/1 T_30.2, 6;
    %dup/vec4;
    %pushi/vec4 5, 0, 3;
    %cmp/u;
    %jmp/1 T_30.3, 6;
    %dup/vec4;
    %pushi/vec4 6, 0, 3;
    %cmp/u;
    %jmp/1 T_30.4, 6;
    %dup/vec4;
    %pushi/vec4 7, 0, 3;
    %cmp/u;
    %jmp/1 T_30.5, 6;
    %pushi/vec4 0, 0, 1;
    %store/vec4 v0x60e6e0361880_0, 0, 1;
    %jmp T_30.7;
T_30.0 ;
    %load/vec4 v0x60e6e0360250_0;
    %store/vec4 v0x60e6e0361880_0, 0, 1;
    %jmp T_30.7;
T_30.1 ;
    %load/vec4 v0x60e6e0360250_0;
    %nor/r;
    %store/vec4 v0x60e6e0361880_0, 0, 1;
    %jmp T_30.7;
T_30.2 ;
    %load/vec4 v0x60e6e03604b0_0;
    %store/vec4 v0x60e6e0361880_0, 0, 1;
    %jmp T_30.7;
T_30.3 ;
    %load/vec4 v0x60e6e03604b0_0;
    %nor/r;
    %store/vec4 v0x60e6e0361880_0, 0, 1;
    %jmp T_30.7;
T_30.4 ;
    %load/vec4 v0x60e6e0360570_0;
    %store/vec4 v0x60e6e0361880_0, 0, 1;
    %jmp T_30.7;
T_30.5 ;
    %load/vec4 v0x60e6e0360570_0;
    %nor/r;
    %store/vec4 v0x60e6e0361880_0, 0, 1;
    %jmp T_30.7;
T_30.7 ;
    %pop/vec4 1;
    %jmp T_30;
    .thread T_30, $push;
    .scope S_0x60e6e02f91f0;
T_31 ;
    %wait E_0x60e6e0239a50;
    %load/vec4 v0x60e6e035f270_0;
    %assign/vec4 v0x60e6e035fdc0_0, 0;
    %load/vec4 v0x60e6e035f350_0;
    %assign/vec4 v0x60e6e035ff80_0, 0;
    %load/vec4 v0x60e6e0361500_0;
    %assign/vec4 v0x60e6e0360170_0, 0;
    %load/vec4 v0x60e6e0361180_0;
    %assign/vec4 v0x60e6e035fce0_0, 0;
    %load/vec4 v0x60e6e035f350_0;
    %store/vec4 v0x60e6e035d5d0_0, 0, 32;
    %callf/vec4 TD_top.cpu.isStore, S_0x60e6e035d3f0;
    %flag_set/vec4 8;
    %jmp/0 T_31.0, 8;
    %load/vec4 v0x60e6e0361340_0;
    %load/vec4 v0x60e6e035f350_0;
    %store/vec4 v0x60e6e0359b90_0, 0, 32;
    %callf/vec4 TD_top.cpu.Simm, S_0x60e6e0336b90;
    %add;
    %jmp/1 T_31.1, 8;
T_31.0 ; End of true expr.
    %load/vec4 v0x60e6e0361340_0;
    %load/vec4 v0x60e6e035f350_0;
    %store/vec4 v0x60e6e0329930_0, 0, 32;
    %callf/vec4 TD_top.cpu.Iimm, S_0x60e6e02fc3b0;
    %add;
    %jmp/0 T_31.1, 8;
 ; End of false expr.
    %blend;
T_31.1;
    %assign/vec4 v0x60e6e035fea0_0, 0;
    %jmp T_31;
    .thread T_31;
    .scope S_0x60e6e02f91f0;
T_32 ;
    %wait E_0x60e6e025dfe0;
    %load/vec4 v0x60e6e035ff80_0;
    %store/vec4 v0x60e6e035d5d0_0, 0, 32;
    %callf/vec4 TD_top.cpu.isStore, S_0x60e6e035d3f0;
    %nor/r;
    %flag_set/vec4 8;
    %jmp/0xz  T_32.0, 8;
    %pushi/vec4 0, 0, 4;
    %store/vec4 v0x60e6e03622c0_0, 0, 4;
    %jmp T_32.1;
T_32.0 ;
    %load/vec4 v0x60e6e0362480_0;
    %dup/vec4;
    %pushi/vec4 0, 0, 3;
    %cmp/u;
    %jmp/1 T_32.2, 6;
    %dup/vec4;
    %pushi/vec4 1, 0, 3;
    %cmp/u;
    %jmp/1 T_32.3, 6;
    %dup/vec4;
    %pushi/vec4 2, 0, 3;
    %cmp/u;
    %jmp/1 T_32.4, 6;
    %pushi/vec4 0, 0, 4;
    %store/vec4 v0x60e6e03622c0_0, 0, 4;
    %jmp T_32.6;
T_32.2 ;
    %load/vec4 v0x60e6e03623a0_0;
    %dup/vec4;
    %pushi/vec4 0, 0, 2;
    %cmp/u;
    %jmp/1 T_32.7, 6;
    %dup/vec4;
    %pushi/vec4 1, 0, 2;
    %cmp/u;
    %jmp/1 T_32.8, 6;
    %dup/vec4;
    %pushi/vec4 2, 0, 2;
    %cmp/u;
    %jmp/1 T_32.9, 6;
    %dup/vec4;
    %pushi/vec4 3, 0, 2;
    %cmp/u;
    %jmp/1 T_32.10, 6;
    %jmp T_32.11;
T_32.7 ;
    %pushi/vec4 1, 0, 4;
    %store/vec4 v0x60e6e03622c0_0, 0, 4;
    %jmp T_32.11;
T_32.8 ;
    %pushi/vec4 2, 0, 4;
    %store/vec4 v0x60e6e03622c0_0, 0, 4;
    %jmp T_32.11;
T_32.9 ;
    %pushi/vec4 4, 0, 4;
    %store/vec4 v0x60e6e03622c0_0, 0, 4;
    %jmp T_32.11;
T_32.10 ;
    %pushi/vec4 8, 0, 4;
    %store/vec4 v0x60e6e03622c0_0, 0, 4;
    %jmp T_32.11;
T_32.11 ;
    %pop/vec4 1;
    %jmp T_32.6;
T_32.3 ;
    %load/vec4 v0x60e6e03623a0_0;
    %parti/s 1, 1, 2;
    %dup/vec4;
    %pushi/vec4 0, 0, 1;
    %cmp/u;
    %jmp/1 T_32.12, 6;
    %dup/vec4;
    %pushi/vec4 1, 0, 1;
    %cmp/u;
    %jmp/1 T_32.13, 6;
    %jmp T_32.14;
T_32.12 ;
    %pushi/vec4 3, 0, 4;
    %store/vec4 v0x60e6e03622c0_0, 0, 4;
    %jmp T_32.14;
T_32.13 ;
    %pushi/vec4 12, 0, 4;
    %store/vec4 v0x60e6e03622c0_0, 0, 4;
    %jmp T_32.14;
T_32.14 ;
    %pop/vec4 1;
    %jmp T_32.6;
T_32.4 ;
    %pushi/vec4 15, 0, 4;
    %store/vec4 v0x60e6e03622c0_0, 0, 4;
    %jmp T_32.6;
T_32.6 ;
    %pop/vec4 1;
T_32.1 ;
    %jmp T_32;
    .thread T_32, $push;
    .scope S_0x60e6e02f91f0;
T_33 ;
    %wait E_0x60e6e0239a50;
    %load/vec4 v0x60e6e035fdc0_0;
    %assign/vec4 v0x60e6e0361f40_0, 0;
    %load/vec4 v0x60e6e035ff80_0;
    %assign/vec4 v0x60e6e0362100_0, 0;
    %load/vec4 v0x60e6e035fce0_0;
    %assign/vec4 v0x60e6e0361d80_0, 0;
    %load/vec4 v0x60e6e0362fd0_0;
    %assign/vec4 v0x60e6e0361e60_0, 0;
    %load/vec4 v0x60e6e035fea0_0;
    %assign/vec4 v0x60e6e0362020_0, 0;
    %jmp T_33;
    .thread T_33;
    .scope S_0x60e6e02f91f0;
T_34 ;
    %wait E_0x60e6e0239f00;
    %load/vec4 v0x60e6e0363250_0;
    %dup/vec4;
    %pushi/vec4 0, 0, 3;
    %cmp/u;
    %jmp/1 T_34.0, 6;
    %dup/vec4;
    %pushi/vec4 1, 0, 3;
    %cmp/u;
    %jmp/1 T_34.1, 6;
    %dup/vec4;
    %pushi/vec4 2, 0, 3;
    %cmp/u;
    %jmp/1 T_34.2, 6;
    %dup/vec4;
    %pushi/vec4 4, 0, 3;
    %cmp/u;
    %jmp/1 T_34.3, 6;
    %dup/vec4;
    %pushi/vec4 5, 0, 3;
    %cmp/u;
    %jmp/1 T_34.4, 6;
    %load/vec4 v0x60e6e0361e60_0;
    %store/vec4 v0x60e6e0363650_0, 0, 32;
    %jmp T_34.6;
T_34.0 ;
    %load/vec4 v0x60e6e0363570_0;
    %parti/s 1, 7, 4;
    %replicate 24;
    %load/vec4 v0x60e6e0363570_0;
    %concat/vec4; draw_concat_vec4
    %store/vec4 v0x60e6e0363650_0, 0, 32;
    %jmp T_34.6;
T_34.1 ;
    %load/vec4 v0x60e6e0363730_0;
    %parti/s 1, 15, 5;
    %replicate 16;
    %load/vec4 v0x60e6e0363730_0;
    %concat/vec4; draw_concat_vec4
    %store/vec4 v0x60e6e0363650_0, 0, 32;
    %jmp T_34.6;
T_34.2 ;
    %load/vec4 v0x60e6e0361e60_0;
    %store/vec4 v0x60e6e0363650_0, 0, 32;
    %jmp T_34.6;
T_34.3 ;
    %pushi/vec4 0, 0, 24;
    %load/vec4 v0x60e6e0363570_0;
    %concat/vec4; draw_concat_vec4
    %store/vec4 v0x60e6e0363650_0, 0, 32;
    %jmp T_34.6;
T_34.4 ;
    %pushi/vec4 0, 0, 16;
    %load/vec4 v0x60e6e0363730_0;
    %concat/vec4; draw_concat_vec4
    %store/vec4 v0x60e6e0363650_0, 0, 32;
    %jmp T_34.6;
T_34.6 ;
    %pop/vec4 1;
    %jmp T_34;
    .thread T_34, $push;
    .scope S_0x60e6e02f91f0;
T_35 ;
    %wait E_0x60e6e0239a50;
    %load/vec4 v0x60e6e036c900_0;
    %flag_set/vec4 8;
    %jmp/0xz  T_35.0, 8;
    %vpi_call/w 4 440 "$writememh", "regs.out", v0x60e6e03630b0 {0 0 0};
    %vpi_call/w 4 441 "$finish" {0 0 0};
T_35.0 ;
    %jmp T_35;
    .thread T_35;
    .scope S_0x60e6e036d140;
T_36 ;
    %vpi_call/w 5 12 "$readmemh", P_0x60e6e036d340, v0x60e6e036d4c0 {0 0 0};
    %end;
    .thread T_36;
    .scope S_0x60e6e036d140;
T_37 ;
    %wait E_0x60e6e0239a50;
    %load/vec4 v0x60e6e036da50_0;
    %flag_set/vec4 8;
    %jmp/0xz  T_37.0, 8;
    %load/vec4 v0x60e6e036daf0_0;
    %parti/s 1, 0, 2;
    %flag_set/vec4 8;
    %jmp/0xz  T_37.2, 8;
    %load/vec4 v0x60e6e036d990_0;
    %parti/s 8, 0, 2;
    %load/vec4 v0x60e6e036d740_0;
    %parti/s 30, 2, 3;
    %ix/vec4 3;
    %ix/load 4, 0, 0; Constant delay
    %assign/vec4/a/d v0x60e6e036d4c0, 0, 4;
T_37.2 ;
    %load/vec4 v0x60e6e036daf0_0;
    %parti/s 1, 1, 2;
    %flag_set/vec4 8;
    %jmp/0xz  T_37.4, 8;
    %load/vec4 v0x60e6e036d990_0;
    %parti/s 8, 8, 5;
    %load/vec4 v0x60e6e036d740_0;
    %parti/s 30, 2, 3;
    %ix/vec4 3;
    %ix/load 4, 8, 0; part off
    %ix/load 5, 0, 0; Constant delay
    %assign/vec4/a/d v0x60e6e036d4c0, 4, 5;
T_37.4 ;
    %load/vec4 v0x60e6e036daf0_0;
    %parti/s 1, 2, 3;
    %flag_set/vec4 8;
    %jmp/0xz  T_37.6, 8;
    %load/vec4 v0x60e6e036d990_0;
    %parti/s 8, 16, 6;
    %load/vec4 v0x60e6e036d740_0;
    %parti/s 30, 2, 3;
    %ix/vec4 3;
    %ix/load 4, 16, 0; part off
    %ix/load 5, 0, 0; Constant delay
    %assign/vec4/a/d v0x60e6e036d4c0, 4, 5;
T_37.6 ;
    %load/vec4 v0x60e6e036daf0_0;
    %parti/s 1, 3, 3;
    %flag_set/vec4 8;
    %jmp/0xz  T_37.8, 8;
    %load/vec4 v0x60e6e036d990_0;
    %parti/s 8, 24, 6;
    %load/vec4 v0x60e6e036d740_0;
    %parti/s 30, 2, 3;
    %ix/vec4 3;
    %ix/load 4, 24, 0; part off
    %ix/load 5, 0, 0; Constant delay
    %assign/vec4/a/d v0x60e6e036d4c0, 4, 5;
T_37.8 ;
T_37.0 ;
    %jmp T_37;
    .thread T_37;
    .scope S_0x60e6e036fa70;
T_38 ;
    %vpi_call/w 5 12 "$readmemh", P_0x60e6e036e880, v0x60e6e036fe00 {0 0 0};
    %end;
    .thread T_38;
    .scope S_0x60e6e036fa70;
T_39 ;
    %wait E_0x60e6e036fd80;
    %load/vec4 v0x60e6e03703b0_0;
    %flag_set/vec4 8;
    %jmp/0xz  T_39.0, 8;
    %load/vec4 v0x60e6e0370470_0;
    %parti/s 1, 0, 2;
    %flag_set/vec4 8;
    %jmp/0xz  T_39.2, 8;
    %load/vec4 v0x60e6e03702f0_0;
    %parti/s 8, 0, 2;
    %load/vec4 v0x60e6e0370080_0;
    %parti/s 30, 2, 3;
    %ix/vec4 3;
    %ix/load 4, 0, 0; Constant delay
    %assign/vec4/a/d v0x60e6e036fe00, 0, 4;
T_39.2 ;
    %load/vec4 v0x60e6e0370470_0;
    %parti/s 1, 1, 2;
    %flag_set/vec4 8;
    %jmp/0xz  T_39.4, 8;
    %load/vec4 v0x60e6e03702f0_0;
    %parti/s 8, 8, 5;
    %load/vec4 v0x60e6e0370080_0;
    %parti/s 30, 2, 3;
    %ix/vec4 3;
    %ix/load 4, 8, 0; part off
    %ix/load 5, 0, 0; Constant delay
    %assign/vec4/a/d v0x60e6e036fe00, 4, 5;
T_39.4 ;
    %load/vec4 v0x60e6e0370470_0;
    %parti/s 1, 2, 3;
    %flag_set/vec4 8;
    %jmp/0xz  T_39.6, 8;
    %load/vec4 v0x60e6e03702f0_0;
    %parti/s 8, 16, 6;
    %load/vec4 v0x60e6e0370080_0;
    %parti/s 30, 2, 3;
    %ix/vec4 3;
    %ix/load 4, 16, 0; part off
    %ix/load 5, 0, 0; Constant delay
    %assign/vec4/a/d v0x60e6e036fe00, 4, 5;
T_39.6 ;
    %load/vec4 v0x60e6e0370470_0;
    %parti/s 1, 3, 3;
    %flag_set/vec4 8;
    %jmp/0xz  T_39.8, 8;
    %load/vec4 v0x60e6e03702f0_0;
    %parti/s 8, 24, 6;
    %load/vec4 v0x60e6e0370080_0;
    %parti/s 30, 2, 3;
    %ix/vec4 3;
    %ix/load 4, 24, 0; part off
    %ix/load 5, 0, 0; Constant delay
    %assign/vec4/a/d v0x60e6e036fe00, 4, 5;
T_39.8 ;
T_39.0 ;
    %jmp T_39;
    .thread T_39;
    .scope S_0x60e6e036dd70;
T_40 ;
    %wait E_0x60e6e036df00;
    %load/vec4 v0x60e6e036df80_0;
    %dup/vec4;
    %pushi/vec4 0, 0, 4;
    %cmp/u;
    %jmp/1 T_40.0, 6;
    %dup/vec4;
    %pushi/vec4 1, 0, 4;
    %cmp/u;
    %jmp/1 T_40.1, 6;
    %dup/vec4;
    %pushi/vec4 2, 0, 4;
    %cmp/u;
    %jmp/1 T_40.2, 6;
    %dup/vec4;
    %pushi/vec4 3, 0, 4;
    %cmp/u;
    %jmp/1 T_40.3, 6;
    %dup/vec4;
    %pushi/vec4 4, 0, 4;
    %cmp/u;
    %jmp/1 T_40.4, 6;
    %dup/vec4;
    %pushi/vec4 5, 0, 4;
    %cmp/u;
    %jmp/1 T_40.5, 6;
    %dup/vec4;
    %pushi/vec4 6, 0, 4;
    %cmp/u;
    %jmp/1 T_40.6, 6;
    %dup/vec4;
    %pushi/vec4 7, 0, 4;
    %cmp/u;
    %jmp/1 T_40.7, 6;
    %dup/vec4;
    %pushi/vec4 8, 0, 4;
    %cmp/u;
    %jmp/1 T_40.8, 6;
    %dup/vec4;
    %pushi/vec4 9, 0, 4;
    %cmp/u;
    %jmp/1 T_40.9, 6;
    %dup/vec4;
    %pushi/vec4 10, 0, 4;
    %cmp/u;
    %jmp/1 T_40.10, 6;
    %dup/vec4;
    %pushi/vec4 11, 0, 4;
    %cmp/u;
    %jmp/1 T_40.11, 6;
    %dup/vec4;
    %pushi/vec4 12, 0, 4;
    %cmp/u;
    %jmp/1 T_40.12, 6;
    %dup/vec4;
    %pushi/vec4 13, 0, 4;
    %cmp/u;
    %jmp/1 T_40.13, 6;
    %dup/vec4;
    %pushi/vec4 14, 0, 4;
    %cmp/u;
    %jmp/1 T_40.14, 6;
    %dup/vec4;
    %pushi/vec4 15, 0, 4;
    %cmp/u;
    %jmp/1 T_40.15, 6;
    %jmp T_40.16;
T_40.0 ;
    %pushi/vec4 64, 0, 7;
    %store/vec4 v0x60e6e036e080_0, 0, 7;
    %jmp T_40.16;
T_40.1 ;
    %pushi/vec4 121, 0, 7;
    %store/vec4 v0x60e6e036e080_0, 0, 7;
    %jmp T_40.16;
T_40.2 ;
    %pushi/vec4 36, 0, 7;
    %store/vec4 v0x60e6e036e080_0, 0, 7;
    %jmp T_40.16;
T_40.3 ;
    %pushi/vec4 48, 0, 7;
    %store/vec4 v0x60e6e036e080_0, 0, 7;
    %jmp T_40.16;
T_40.4 ;
    %pushi/vec4 25, 0, 7;
    %store/vec4 v0x60e6e036e080_0, 0, 7;
    %jmp T_40.16;
T_40.5 ;
    %pushi/vec4 18, 0, 7;
    %store/vec4 v0x60e6e036e080_0, 0, 7;
    %jmp T_40.16;
T_40.6 ;
    %pushi/vec4 2, 0, 7;
    %store/vec4 v0x60e6e036e080_0, 0, 7;
    %jmp T_40.16;
T_40.7 ;
    %pushi/vec4 120, 0, 7;
    %store/vec4 v0x60e6e036e080_0, 0, 7;
    %jmp T_40.16;
T_40.8 ;
    %pushi/vec4 0, 0, 7;
    %store/vec4 v0x60e6e036e080_0, 0, 7;
    %jmp T_40.16;
T_40.9 ;
    %pushi/vec4 16, 0, 7;
    %store/vec4 v0x60e6e036e080_0, 0, 7;
    %jmp T_40.16;
T_40.10 ;
    %pushi/vec4 8, 0, 7;
    %store/vec4 v0x60e6e036e080_0, 0, 7;
    %jmp T_40.16;
T_40.11 ;
    %pushi/vec4 3, 0, 7;
    %store/vec4 v0x60e6e036e080_0, 0, 7;
    %jmp T_40.16;
T_40.12 ;
    %pushi/vec4 70, 0, 7;
    %store/vec4 v0x60e6e036e080_0, 0, 7;
    %jmp T_40.16;
T_40.13 ;
    %pushi/vec4 33, 0, 7;
    %store/vec4 v0x60e6e036e080_0, 0, 7;
    %jmp T_40.16;
T_40.14 ;
    %pushi/vec4 6, 0, 7;
    %store/vec4 v0x60e6e036e080_0, 0, 7;
    %jmp T_40.16;
T_40.15 ;
    %pushi/vec4 14, 0, 7;
    %store/vec4 v0x60e6e036e080_0, 0, 7;
    %jmp T_40.16;
T_40.16 ;
    %pop/vec4 1;
    %jmp T_40;
    .thread T_40, $push;
    .scope S_0x60e6e036e1c0;
T_41 ;
    %wait E_0x60e6e036e3e0;
    %load/vec4 v0x60e6e036e460_0;
    %dup/vec4;
    %pushi/vec4 0, 0, 4;
    %cmp/u;
    %jmp/1 T_41.0, 6;
    %dup/vec4;
    %pushi/vec4 1, 0, 4;
    %cmp/u;
    %jmp/1 T_41.1, 6;
    %dup/vec4;
    %pushi/vec4 2, 0, 4;
    %cmp/u;
    %jmp/1 T_41.2, 6;
    %dup/vec4;
    %pushi/vec4 3, 0, 4;
    %cmp/u;
    %jmp/1 T_41.3, 6;
    %dup/vec4;
    %pushi/vec4 4, 0, 4;
    %cmp/u;
    %jmp/1 T_41.4, 6;
    %dup/vec4;
    %pushi/vec4 5, 0, 4;
    %cmp/u;
    %jmp/1 T_41.5, 6;
    %dup/vec4;
    %pushi/vec4 6, 0, 4;
    %cmp/u;
    %jmp/1 T_41.6, 6;
    %dup/vec4;
    %pushi/vec4 7, 0, 4;
    %cmp/u;
    %jmp/1 T_41.7, 6;
    %dup/vec4;
    %pushi/vec4 8, 0, 4;
    %cmp/u;
    %jmp/1 T_41.8, 6;
    %dup/vec4;
    %pushi/vec4 9, 0, 4;
    %cmp/u;
    %jmp/1 T_41.9, 6;
    %dup/vec4;
    %pushi/vec4 10, 0, 4;
    %cmp/u;
    %jmp/1 T_41.10, 6;
    %dup/vec4;
    %pushi/vec4 11, 0, 4;
    %cmp/u;
    %jmp/1 T_41.11, 6;
    %dup/vec4;
    %pushi/vec4 12, 0, 4;
    %cmp/u;
    %jmp/1 T_41.12, 6;
    %dup/vec4;
    %pushi/vec4 13, 0, 4;
    %cmp/u;
    %jmp/1 T_41.13, 6;
    %dup/vec4;
    %pushi/vec4 14, 0, 4;
    %cmp/u;
    %jmp/1 T_41.14, 6;
    %dup/vec4;
    %pushi/vec4 15, 0, 4;
    %cmp/u;
    %jmp/1 T_41.15, 6;
    %jmp T_41.16;
T_41.0 ;
    %pushi/vec4 64, 0, 7;
    %store/vec4 v0x60e6e036e560_0, 0, 7;
    %jmp T_41.16;
T_41.1 ;
    %pushi/vec4 121, 0, 7;
    %store/vec4 v0x60e6e036e560_0, 0, 7;
    %jmp T_41.16;
T_41.2 ;
    %pushi/vec4 36, 0, 7;
    %store/vec4 v0x60e6e036e560_0, 0, 7;
    %jmp T_41.16;
T_41.3 ;
    %pushi/vec4 48, 0, 7;
    %store/vec4 v0x60e6e036e560_0, 0, 7;
    %jmp T_41.16;
T_41.4 ;
    %pushi/vec4 25, 0, 7;
    %store/vec4 v0x60e6e036e560_0, 0, 7;
    %jmp T_41.16;
T_41.5 ;
    %pushi/vec4 18, 0, 7;
    %store/vec4 v0x60e6e036e560_0, 0, 7;
    %jmp T_41.16;
T_41.6 ;
    %pushi/vec4 2, 0, 7;
    %store/vec4 v0x60e6e036e560_0, 0, 7;
    %jmp T_41.16;
T_41.7 ;
    %pushi/vec4 120, 0, 7;
    %store/vec4 v0x60e6e036e560_0, 0, 7;
    %jmp T_41.16;
T_41.8 ;
    %pushi/vec4 0, 0, 7;
    %store/vec4 v0x60e6e036e560_0, 0, 7;
    %jmp T_41.16;
T_41.9 ;
    %pushi/vec4 16, 0, 7;
    %store/vec4 v0x60e6e036e560_0, 0, 7;
    %jmp T_41.16;
T_41.10 ;
    %pushi/vec4 8, 0, 7;
    %store/vec4 v0x60e6e036e560_0, 0, 7;
    %jmp T_41.16;
T_41.11 ;
    %pushi/vec4 3, 0, 7;
    %store/vec4 v0x60e6e036e560_0, 0, 7;
    %jmp T_41.16;
T_41.12 ;
    %pushi/vec4 70, 0, 7;
    %store/vec4 v0x60e6e036e560_0, 0, 7;
    %jmp T_41.16;
T_41.13 ;
    %pushi/vec4 33, 0, 7;
    %store/vec4 v0x60e6e036e560_0, 0, 7;
    %jmp T_41.16;
T_41.14 ;
    %pushi/vec4 6, 0, 7;
    %store/vec4 v0x60e6e036e560_0, 0, 7;
    %jmp T_41.16;
T_41.15 ;
    %pushi/vec4 14, 0, 7;
    %store/vec4 v0x60e6e036e560_0, 0, 7;
    %jmp T_41.16;
T_41.16 ;
    %pop/vec4 1;
    %jmp T_41;
    .thread T_41, $push;
    .scope S_0x60e6e036e6a0;
T_42 ;
    %wait E_0x60e6e036e910;
    %load/vec4 v0x60e6e036e990_0;
    %dup/vec4;
    %pushi/vec4 0, 0, 4;
    %cmp/u;
    %jmp/1 T_42.0, 6;
    %dup/vec4;
    %pushi/vec4 1, 0, 4;
    %cmp/u;
    %jmp/1 T_42.1, 6;
    %dup/vec4;
    %pushi/vec4 2, 0, 4;
    %cmp/u;
    %jmp/1 T_42.2, 6;
    %dup/vec4;
    %pushi/vec4 3, 0, 4;
    %cmp/u;
    %jmp/1 T_42.3, 6;
    %dup/vec4;
    %pushi/vec4 4, 0, 4;
    %cmp/u;
    %jmp/1 T_42.4, 6;
    %dup/vec4;
    %pushi/vec4 5, 0, 4;
    %cmp/u;
    %jmp/1 T_42.5, 6;
    %dup/vec4;
    %pushi/vec4 6, 0, 4;
    %cmp/u;
    %jmp/1 T_42.6, 6;
    %dup/vec4;
    %pushi/vec4 7, 0, 4;
    %cmp/u;
    %jmp/1 T_42.7, 6;
    %dup/vec4;
    %pushi/vec4 8, 0, 4;
    %cmp/u;
    %jmp/1 T_42.8, 6;
    %dup/vec4;
    %pushi/vec4 9, 0, 4;
    %cmp/u;
    %jmp/1 T_42.9, 6;
    %dup/vec4;
    %pushi/vec4 10, 0, 4;
    %cmp/u;
    %jmp/1 T_42.10, 6;
    %dup/vec4;
    %pushi/vec4 11, 0, 4;
    %cmp/u;
    %jmp/1 T_42.11, 6;
    %dup/vec4;
    %pushi/vec4 12, 0, 4;
    %cmp/u;
    %jmp/1 T_42.12, 6;
    %dup/vec4;
    %pushi/vec4 13, 0, 4;
    %cmp/u;
    %jmp/1 T_42.13, 6;
    %dup/vec4;
    %pushi/vec4 14, 0, 4;
    %cmp/u;
    %jmp/1 T_42.14, 6;
    %dup/vec4;
    %pushi/vec4 15, 0, 4;
    %cmp/u;
    %jmp/1 T_42.15, 6;
    %jmp T_42.16;
T_42.0 ;
    %pushi/vec4 64, 0, 7;
    %store/vec4 v0x60e6e036ea90_0, 0, 7;
    %jmp T_42.16;
T_42.1 ;
    %pushi/vec4 121, 0, 7;
    %store/vec4 v0x60e6e036ea90_0, 0, 7;
    %jmp T_42.16;
T_42.2 ;
    %pushi/vec4 36, 0, 7;
    %store/vec4 v0x60e6e036ea90_0, 0, 7;
    %jmp T_42.16;
T_42.3 ;
    %pushi/vec4 48, 0, 7;
    %store/vec4 v0x60e6e036ea90_0, 0, 7;
    %jmp T_42.16;
T_42.4 ;
    %pushi/vec4 25, 0, 7;
    %store/vec4 v0x60e6e036ea90_0, 0, 7;
    %jmp T_42.16;
T_42.5 ;
    %pushi/vec4 18, 0, 7;
    %store/vec4 v0x60e6e036ea90_0, 0, 7;
    %jmp T_42.16;
T_42.6 ;
    %pushi/vec4 2, 0, 7;
    %store/vec4 v0x60e6e036ea90_0, 0, 7;
    %jmp T_42.16;
T_42.7 ;
    %pushi/vec4 120, 0, 7;
    %store/vec4 v0x60e6e036ea90_0, 0, 7;
    %jmp T_42.16;
T_42.8 ;
    %pushi/vec4 0, 0, 7;
    %store/vec4 v0x60e6e036ea90_0, 0, 7;
    %jmp T_42.16;
T_42.9 ;
    %pushi/vec4 16, 0, 7;
    %store/vec4 v0x60e6e036ea90_0, 0, 7;
    %jmp T_42.16;
T_42.10 ;
    %pushi/vec4 8, 0, 7;
    %store/vec4 v0x60e6e036ea90_0, 0, 7;
    %jmp T_42.16;
T_42.11 ;
    %pushi/vec4 3, 0, 7;
    %store/vec4 v0x60e6e036ea90_0, 0, 7;
    %jmp T_42.16;
T_42.12 ;
    %pushi/vec4 70, 0, 7;
    %store/vec4 v0x60e6e036ea90_0, 0, 7;
    %jmp T_42.16;
T_42.13 ;
    %pushi/vec4 33, 0, 7;
    %store/vec4 v0x60e6e036ea90_0, 0, 7;
    %jmp T_42.16;
T_42.14 ;
    %pushi/vec4 6, 0, 7;
    %store/vec4 v0x60e6e036ea90_0, 0, 7;
    %jmp T_42.16;
T_42.15 ;
    %pushi/vec4 14, 0, 7;
    %store/vec4 v0x60e6e036ea90_0, 0, 7;
    %jmp T_42.16;
T_42.16 ;
    %pop/vec4 1;
    %jmp T_42;
    .thread T_42, $push;
    .scope S_0x60e6e036ebd0;
T_43 ;
    %wait E_0x60e6e036edf0;
    %load/vec4 v0x60e6e036ee70_0;
    %dup/vec4;
    %pushi/vec4 0, 0, 4;
    %cmp/u;
    %jmp/1 T_43.0, 6;
    %dup/vec4;
    %pushi/vec4 1, 0, 4;
    %cmp/u;
    %jmp/1 T_43.1, 6;
    %dup/vec4;
    %pushi/vec4 2, 0, 4;
    %cmp/u;
    %jmp/1 T_43.2, 6;
    %dup/vec4;
    %pushi/vec4 3, 0, 4;
    %cmp/u;
    %jmp/1 T_43.3, 6;
    %dup/vec4;
    %pushi/vec4 4, 0, 4;
    %cmp/u;
    %jmp/1 T_43.4, 6;
    %dup/vec4;
    %pushi/vec4 5, 0, 4;
    %cmp/u;
    %jmp/1 T_43.5, 6;
    %dup/vec4;
    %pushi/vec4 6, 0, 4;
    %cmp/u;
    %jmp/1 T_43.6, 6;
    %dup/vec4;
    %pushi/vec4 7, 0, 4;
    %cmp/u;
    %jmp/1 T_43.7, 6;
    %dup/vec4;
    %pushi/vec4 8, 0, 4;
    %cmp/u;
    %jmp/1 T_43.8, 6;
    %dup/vec4;
    %pushi/vec4 9, 0, 4;
    %cmp/u;
    %jmp/1 T_43.9, 6;
    %dup/vec4;
    %pushi/vec4 10, 0, 4;
    %cmp/u;
    %jmp/1 T_43.10, 6;
    %dup/vec4;
    %pushi/vec4 11, 0, 4;
    %cmp/u;
    %jmp/1 T_43.11, 6;
    %dup/vec4;
    %pushi/vec4 12, 0, 4;
    %cmp/u;
    %jmp/1 T_43.12, 6;
    %dup/vec4;
    %pushi/vec4 13, 0, 4;
    %cmp/u;
    %jmp/1 T_43.13, 6;
    %dup/vec4;
    %pushi/vec4 14, 0, 4;
    %cmp/u;
    %jmp/1 T_43.14, 6;
    %dup/vec4;
    %pushi/vec4 15, 0, 4;
    %cmp/u;
    %jmp/1 T_43.15, 6;
    %jmp T_43.16;
T_43.0 ;
    %pushi/vec4 64, 0, 7;
    %store/vec4 v0x60e6e036ef70_0, 0, 7;
    %jmp T_43.16;
T_43.1 ;
    %pushi/vec4 121, 0, 7;
    %store/vec4 v0x60e6e036ef70_0, 0, 7;
    %jmp T_43.16;
T_43.2 ;
    %pushi/vec4 36, 0, 7;
    %store/vec4 v0x60e6e036ef70_0, 0, 7;
    %jmp T_43.16;
T_43.3 ;
    %pushi/vec4 48, 0, 7;
    %store/vec4 v0x60e6e036ef70_0, 0, 7;
    %jmp T_43.16;
T_43.4 ;
    %pushi/vec4 25, 0, 7;
    %store/vec4 v0x60e6e036ef70_0, 0, 7;
    %jmp T_43.16;
T_43.5 ;
    %pushi/vec4 18, 0, 7;
    %store/vec4 v0x60e6e036ef70_0, 0, 7;
    %jmp T_43.16;
T_43.6 ;
    %pushi/vec4 2, 0, 7;
    %store/vec4 v0x60e6e036ef70_0, 0, 7;
    %jmp T_43.16;
T_43.7 ;
    %pushi/vec4 120, 0, 7;
    %store/vec4 v0x60e6e036ef70_0, 0, 7;
    %jmp T_43.16;
T_43.8 ;
    %pushi/vec4 0, 0, 7;
    %store/vec4 v0x60e6e036ef70_0, 0, 7;
    %jmp T_43.16;
T_43.9 ;
    %pushi/vec4 16, 0, 7;
    %store/vec4 v0x60e6e036ef70_0, 0, 7;
    %jmp T_43.16;
T_43.10 ;
    %pushi/vec4 8, 0, 7;
    %store/vec4 v0x60e6e036ef70_0, 0, 7;
    %jmp T_43.16;
T_43.11 ;
    %pushi/vec4 3, 0, 7;
    %store/vec4 v0x60e6e036ef70_0, 0, 7;
    %jmp T_43.16;
T_43.12 ;
    %pushi/vec4 70, 0, 7;
    %store/vec4 v0x60e6e036ef70_0, 0, 7;
    %jmp T_43.16;
T_43.13 ;
    %pushi/vec4 33, 0, 7;
    %store/vec4 v0x60e6e036ef70_0, 0, 7;
    %jmp T_43.16;
T_43.14 ;
    %pushi/vec4 6, 0, 7;
    %store/vec4 v0x60e6e036ef70_0, 0, 7;
    %jmp T_43.16;
T_43.15 ;
    %pushi/vec4 14, 0, 7;
    %store/vec4 v0x60e6e036ef70_0, 0, 7;
    %jmp T_43.16;
T_43.16 ;
    %pop/vec4 1;
    %jmp T_43;
    .thread T_43, $push;
    .scope S_0x60e6e036f0b0;
T_44 ;
    %wait E_0x60e6e036f2d0;
    %load/vec4 v0x60e6e036f350_0;
    %dup/vec4;
    %pushi/vec4 0, 0, 4;
    %cmp/u;
    %jmp/1 T_44.0, 6;
    %dup/vec4;
    %pushi/vec4 1, 0, 4;
    %cmp/u;
    %jmp/1 T_44.1, 6;
    %dup/vec4;
    %pushi/vec4 2, 0, 4;
    %cmp/u;
    %jmp/1 T_44.2, 6;
    %dup/vec4;
    %pushi/vec4 3, 0, 4;
    %cmp/u;
    %jmp/1 T_44.3, 6;
    %dup/vec4;
    %pushi/vec4 4, 0, 4;
    %cmp/u;
    %jmp/1 T_44.4, 6;
    %dup/vec4;
    %pushi/vec4 5, 0, 4;
    %cmp/u;
    %jmp/1 T_44.5, 6;
    %dup/vec4;
    %pushi/vec4 6, 0, 4;
    %cmp/u;
    %jmp/1 T_44.6, 6;
    %dup/vec4;
    %pushi/vec4 7, 0, 4;
    %cmp/u;
    %jmp/1 T_44.7, 6;
    %dup/vec4;
    %pushi/vec4 8, 0, 4;
    %cmp/u;
    %jmp/1 T_44.8, 6;
    %dup/vec4;
    %pushi/vec4 9, 0, 4;
    %cmp/u;
    %jmp/1 T_44.9, 6;
    %dup/vec4;
    %pushi/vec4 10, 0, 4;
    %cmp/u;
    %jmp/1 T_44.10, 6;
    %dup/vec4;
    %pushi/vec4 11, 0, 4;
    %cmp/u;
    %jmp/1 T_44.11, 6;
    %dup/vec4;
    %pushi/vec4 12, 0, 4;
    %cmp/u;
    %jmp/1 T_44.12, 6;
    %dup/vec4;
    %pushi/vec4 13, 0, 4;
    %cmp/u;
    %jmp/1 T_44.13, 6;
    %dup/vec4;
    %pushi/vec4 14, 0, 4;
    %cmp/u;
    %jmp/1 T_44.14, 6;
    %dup/vec4;
    %pushi/vec4 15, 0, 4;
    %cmp/u;
    %jmp/1 T_44.15, 6;
    %jmp T_44.16;
T_44.0 ;
    %pushi/vec4 64, 0, 7;
    %store/vec4 v0x60e6e036f450_0, 0, 7;
    %jmp T_44.16;
T_44.1 ;
    %pushi/vec4 121, 0, 7;
    %store/vec4 v0x60e6e036f450_0, 0, 7;
    %jmp T_44.16;
T_44.2 ;
    %pushi/vec4 36, 0, 7;
    %store/vec4 v0x60e6e036f450_0, 0, 7;
    %jmp T_44.16;
T_44.3 ;
    %pushi/vec4 48, 0, 7;
    %store/vec4 v0x60e6e036f450_0, 0, 7;
    %jmp T_44.16;
T_44.4 ;
    %pushi/vec4 25, 0, 7;
    %store/vec4 v0x60e6e036f450_0, 0, 7;
    %jmp T_44.16;
T_44.5 ;
    %pushi/vec4 18, 0, 7;
    %store/vec4 v0x60e6e036f450_0, 0, 7;
    %jmp T_44.16;
T_44.6 ;
    %pushi/vec4 2, 0, 7;
    %store/vec4 v0x60e6e036f450_0, 0, 7;
    %jmp T_44.16;
T_44.7 ;
    %pushi/vec4 120, 0, 7;
    %store/vec4 v0x60e6e036f450_0, 0, 7;
    %jmp T_44.16;
T_44.8 ;
    %pushi/vec4 0, 0, 7;
    %store/vec4 v0x60e6e036f450_0, 0, 7;
    %jmp T_44.16;
T_44.9 ;
    %pushi/vec4 16, 0, 7;
    %store/vec4 v0x60e6e036f450_0, 0, 7;
    %jmp T_44.16;
T_44.10 ;
    %pushi/vec4 8, 0, 7;
    %store/vec4 v0x60e6e036f450_0, 0, 7;
    %jmp T_44.16;
T_44.11 ;
    %pushi/vec4 3, 0, 7;
    %store/vec4 v0x60e6e036f450_0, 0, 7;
    %jmp T_44.16;
T_44.12 ;
    %pushi/vec4 70, 0, 7;
    %store/vec4 v0x60e6e036f450_0, 0, 7;
    %jmp T_44.16;
T_44.13 ;
    %pushi/vec4 33, 0, 7;
    %store/vec4 v0x60e6e036f450_0, 0, 7;
    %jmp T_44.16;
T_44.14 ;
    %pushi/vec4 6, 0, 7;
    %store/vec4 v0x60e6e036f450_0, 0, 7;
    %jmp T_44.16;
T_44.15 ;
    %pushi/vec4 14, 0, 7;
    %store/vec4 v0x60e6e036f450_0, 0, 7;
    %jmp T_44.16;
T_44.16 ;
    %pop/vec4 1;
    %jmp T_44;
    .thread T_44, $push;
    .scope S_0x60e6e036f590;
T_45 ;
    %wait E_0x60e6e036f7b0;
    %load/vec4 v0x60e6e036f830_0;
    %dup/vec4;
    %pushi/vec4 0, 0, 4;
    %cmp/u;
    %jmp/1 T_45.0, 6;
    %dup/vec4;
    %pushi/vec4 1, 0, 4;
    %cmp/u;
    %jmp/1 T_45.1, 6;
    %dup/vec4;
    %pushi/vec4 2, 0, 4;
    %cmp/u;
    %jmp/1 T_45.2, 6;
    %dup/vec4;
    %pushi/vec4 3, 0, 4;
    %cmp/u;
    %jmp/1 T_45.3, 6;
    %dup/vec4;
    %pushi/vec4 4, 0, 4;
    %cmp/u;
    %jmp/1 T_45.4, 6;
    %dup/vec4;
    %pushi/vec4 5, 0, 4;
    %cmp/u;
    %jmp/1 T_45.5, 6;
    %dup/vec4;
    %pushi/vec4 6, 0, 4;
    %cmp/u;
    %jmp/1 T_45.6, 6;
    %dup/vec4;
    %pushi/vec4 7, 0, 4;
    %cmp/u;
    %jmp/1 T_45.7, 6;
    %dup/vec4;
    %pushi/vec4 8, 0, 4;
    %cmp/u;
    %jmp/1 T_45.8, 6;
    %dup/vec4;
    %pushi/vec4 9, 0, 4;
    %cmp/u;
    %jmp/1 T_45.9, 6;
    %dup/vec4;
    %pushi/vec4 10, 0, 4;
    %cmp/u;
    %jmp/1 T_45.10, 6;
    %dup/vec4;
    %pushi/vec4 11, 0, 4;
    %cmp/u;
    %jmp/1 T_45.11, 6;
    %dup/vec4;
    %pushi/vec4 12, 0, 4;
    %cmp/u;
    %jmp/1 T_45.12, 6;
    %dup/vec4;
    %pushi/vec4 13, 0, 4;
    %cmp/u;
    %jmp/1 T_45.13, 6;
    %dup/vec4;
    %pushi/vec4 14, 0, 4;
    %cmp/u;
    %jmp/1 T_45.14, 6;
    %dup/vec4;
    %pushi/vec4 15, 0, 4;
    %cmp/u;
    %jmp/1 T_45.15, 6;
    %jmp T_45.16;
T_45.0 ;
    %pushi/vec4 64, 0, 7;
    %store/vec4 v0x60e6e036f930_0, 0, 7;
    %jmp T_45.16;
T_45.1 ;
    %pushi/vec4 121, 0, 7;
    %store/vec4 v0x60e6e036f930_0, 0, 7;
    %jmp T_45.16;
T_45.2 ;
    %pushi/vec4 36, 0, 7;
    %store/vec4 v0x60e6e036f930_0, 0, 7;
    %jmp T_45.16;
T_45.3 ;
    %pushi/vec4 48, 0, 7;
    %store/vec4 v0x60e6e036f930_0, 0, 7;
    %jmp T_45.16;
T_45.4 ;
    %pushi/vec4 25, 0, 7;
    %store/vec4 v0x60e6e036f930_0, 0, 7;
    %jmp T_45.16;
T_45.5 ;
    %pushi/vec4 18, 0, 7;
    %store/vec4 v0x60e6e036f930_0, 0, 7;
    %jmp T_45.16;
T_45.6 ;
    %pushi/vec4 2, 0, 7;
    %store/vec4 v0x60e6e036f930_0, 0, 7;
    %jmp T_45.16;
T_45.7 ;
    %pushi/vec4 120, 0, 7;
    %store/vec4 v0x60e6e036f930_0, 0, 7;
    %jmp T_45.16;
T_45.8 ;
    %pushi/vec4 0, 0, 7;
    %store/vec4 v0x60e6e036f930_0, 0, 7;
    %jmp T_45.16;
T_45.9 ;
    %pushi/vec4 16, 0, 7;
    %store/vec4 v0x60e6e036f930_0, 0, 7;
    %jmp T_45.16;
T_45.10 ;
    %pushi/vec4 8, 0, 7;
    %store/vec4 v0x60e6e036f930_0, 0, 7;
    %jmp T_45.16;
T_45.11 ;
    %pushi/vec4 3, 0, 7;
    %store/vec4 v0x60e6e036f930_0, 0, 7;
    %jmp T_45.16;
T_45.12 ;
    %pushi/vec4 70, 0, 7;
    %store/vec4 v0x60e6e036f930_0, 0, 7;
    %jmp T_45.16;
T_45.13 ;
    %pushi/vec4 33, 0, 7;
    %store/vec4 v0x60e6e036f930_0, 0, 7;
    %jmp T_45.16;
T_45.14 ;
    %pushi/vec4 6, 0, 7;
    %store/vec4 v0x60e6e036f930_0, 0, 7;
    %jmp T_45.16;
T_45.15 ;
    %pushi/vec4 14, 0, 7;
    %store/vec4 v0x60e6e036f930_0, 0, 7;
    %jmp T_45.16;
T_45.16 ;
    %pop/vec4 1;
    %jmp T_45;
    .thread T_45, $push;
    .scope S_0x60e6e02f8d80;
T_46 ;
    %wait E_0x60e6e0239ec0;
    %load/vec4 v0x60e6e0371b10_0;
    %addi 1, 0, 32;
    %assign/vec4 v0x60e6e0371b10_0, 0;
    %jmp T_46;
    .thread T_46;
    .scope S_0x60e6e02f8d80;
T_47 ;
    %wait E_0x60e6e0239a50;
    %load/vec4 v0x60e6e0371f60_0;
    %load/vec4 v0x60e6e0371de0_0;
    %and;
    %flag_set/vec4 8;
    %jmp/0xz  T_47.0, 8;
    %load/vec4 v0x60e6e0371960_0;
    %parti/s 1, 2, 3;
    %flag_set/vec4 8;
    %jmp/0xz  T_47.2, 8;
    %load/vec4 v0x60e6e0372250_0;
    %parti/s 10, 0, 2;
    %assign/vec4 v0x60e6e0370ef0_0, 0;
T_47.2 ;
    %load/vec4 v0x60e6e0371960_0;
    %parti/s 1, 3, 3;
    %flag_set/vec4 8;
    %jmp/0xz  T_47.4, 8;
    %load/vec4 v0x60e6e0372250_0;
    %parti/s 24, 0, 2;
    %assign/vec4 v0x60e6e0371bf0_0, 0;
T_47.4 ;
T_47.0 ;
    %jmp T_47;
    .thread T_47;
# The file index is used to find the file name in the following table.
:file_names 7;
    "N/A";
    "<interactive>";
    "-";
    "top.sv";
    "riscvpipe.sv";
    "mem.sv";
    "dec7seg.sv";
