
riscv.elf:     file format elf32-littleriscv


Disassembly of section .text:

00000000 <_start>:
   0:	00400413          	li	s0,4
   4:	10c00493          	li	s1,268
   8:	ffc42283          	lw	t0,-4(s0)
   c:	00042303          	lw	t1,0(s0)

00000010 <loop>:
  10:	005303b3          	add	t2,t1,t0
  14:	006002b3          	add	t0,zero,t1
  18:	00700333          	add	t1,zero,t2
  1c:	00440413          	addi	s0,s0,4
  20:	00742023          	sw	t2,0(s0)
  24:	0074a023          	sw	t2,0(s1)
  28:	fe9ff06f          	j	10 <loop>

Disassembly of section .data:

00000200 <a>:
 200:	0000                	.insn	2, 0x
	...

00000204 <b>:
 204:	0001                	.insn	2, 0x0001
	...

Disassembly of section .riscv.attributes:

00000000 <.riscv.attributes>:
   0:	1941                	.insn	2, 0x1941
   2:	0000                	.insn	2, 0x
   4:	7200                	.insn	2, 0x7200
   6:	7369                	.insn	2, 0x7369
   8:	01007663          	bgeu	zero,a6,14 <loop+0x4>
   c:	0000000f          	fence	unknown,unknown
  10:	7205                	.insn	2, 0x7205
  12:	3376                	.insn	2, 0x3376
  14:	6932                	.insn	2, 0x6932
  16:	7032                	.insn	2, 0x7032
  18:	0030                	.insn	2, 0x0030
